2026-01-26 13:07:47,389 [Worker-7: Loading available Gradle versions] INFO  o.e.b.c.i.u.g.PublishedGradleVersions - Gradle version information cache is not available. Remote download required.
2026-01-26 13:08:56,463 [Worker-10: Importing Maven projects] INFO  o.e.m.c.i.l.LifecycleMappingFactory - Using org.eclipse.m2e.jdt.JarLifecycleMapping lifecycle mapping for MavenProject: com.mrc:mrc_backend:0.0.1 @ C:\Users\Admin\Desktop\CDAC PROJECT\MRC\IRCTC-2.0\mrc_backend_code\pom.xml.
2026-01-26 13:09:01,250 [Worker-10: Importing Maven projects] INFO  o.e.m.c.i.e.AbstractTransferListenerAdapter - Downloading https://repo.maven.apache.org/maven2/org/springframework/boot/spring-boot-starter-security/3.5.8/spring-boot-starter-security-3.5.8.pom
2026-01-26 13:09:01,288 [Worker-10: Importing Maven projects] INFO  o.e.m.c.i.e.AbstractTransferListenerAdapter - Downloaded https://repo.maven.apache.org/maven2/org/springframework/boot/spring-boot-starter-security/3.5.8/spring-boot-starter-security-3.5.8.pom
2026-01-26 13:09:01,370 [Worker-10: Importing Maven projects] INFO  o.e.m.c.i.e.AbstractTransferListenerAdapter - Downloading https://repo.maven.apache.org/maven2/org/springframework/security/spring-security-config/6.5.7/spring-security-config-6.5.7.pom
2026-01-26 13:09:01,428 [Worker-10: Importing Maven projects] INFO  o.e.m.c.i.e.AbstractTransferListenerAdapter - Downloaded https://repo.maven.apache.org/maven2/org/springframework/security/spring-security-config/6.5.7/spring-security-config-6.5.7.pom
2026-01-26 13:09:01,505 [Worker-10: Importing Maven projects] INFO  o.e.m.c.i.e.AbstractTransferListenerAdapter - Downloading https://repo.maven.apache.org/maven2/org/springframework/security/spring-security-core/6.5.7/spring-security-core-6.5.7.pom
2026-01-26 13:09:01,605 [Worker-10: Importing Maven projects] INFO  o.e.m.c.i.e.AbstractTransferListenerAdapter - Downloaded https://repo.maven.apache.org/maven2/org/springframework/security/spring-security-core/6.5.7/spring-security-core-6.5.7.pom
2026-01-26 13:09:01,693 [Worker-10: Importing Maven projects] INFO  o.e.m.c.i.e.AbstractTransferListenerAdapter - Downloading https://repo.maven.apache.org/maven2/org/springframework/security/spring-security-crypto/6.5.7/spring-security-crypto-6.5.7.pom
2026-01-26 13:09:01,789 [Worker-10: Importing Maven projects] INFO  o.e.m.c.i.e.AbstractTransferListenerAdapter - Downloaded https://repo.maven.apache.org/maven2/org/springframework/security/spring-security-crypto/6.5.7/spring-security-crypto-6.5.7.pom
2026-01-26 13:09:01,866 [Worker-10: Importing Maven projects] INFO  o.e.m.c.i.e.AbstractTransferListenerAdapter - Downloading https://repo.maven.apache.org/maven2/org/springframework/security/spring-security-web/6.5.7/spring-security-web-6.5.7.pom
2026-01-26 13:09:01,968 [Worker-10: Importing Maven projects] INFO  o.e.m.c.i.e.AbstractTransferListenerAdapter - Downloaded https://repo.maven.apache.org/maven2/org/springframework/security/spring-security-web/6.5.7/spring-security-web-6.5.7.pom
2026-01-26 13:09:02,054 [Worker-10: Importing Maven projects] INFO  o.e.m.c.i.e.AbstractTransferListenerAdapter - Downloading https://repo.maven.apache.org/maven2/org/springframework/security/spring-security-test/6.5.7/spring-security-test-6.5.7.pom
2026-01-26 13:09:02,126 [Worker-10: Importing Maven projects] INFO  o.e.m.c.i.e.AbstractTransferListenerAdapter - Downloaded https://repo.maven.apache.org/maven2/org/springframework/security/spring-security-test/6.5.7/spring-security-test-6.5.7.pom
2026-01-26 13:09:02,203 [Worker-10: Importing Maven projects] INFO  o.e.m.c.i.e.AbstractTransferListenerAdapter - Downloading https://repo.maven.apache.org/maven2/io/jsonwebtoken/jjwt-api/0.13.0/jjwt-api-0.13.0.pom
2026-01-26 13:09:02,243 [Worker-10: Importing Maven projects] INFO  o.e.m.c.i.e.AbstractTransferListenerAdapter - Downloaded https://repo.maven.apache.org/maven2/io/jsonwebtoken/jjwt-api/0.13.0/jjwt-api-0.13.0.pom
2026-01-26 13:09:02,333 [Worker-10: Importing Maven projects] INFO  o.e.m.c.i.e.AbstractTransferListenerAdapter - Downloading https://repo.maven.apache.org/maven2/io/jsonwebtoken/jjwt-root/0.13.0/jjwt-root-0.13.0.pom
2026-01-26 13:09:02,460 [Worker-10: Importing Maven projects] INFO  o.e.m.c.i.e.AbstractTransferListenerAdapter - Downloaded https://repo.maven.apache.org/maven2/io/jsonwebtoken/jjwt-root/0.13.0/jjwt-root-0.13.0.pom
2026-01-26 13:09:02,567 [Worker-10: Importing Maven projects] INFO  o.e.m.c.i.e.AbstractTransferListenerAdapter - Downloading https://repo.maven.apache.org/maven2/io/jsonwebtoken/jjwt-impl/0.13.0/jjwt-impl-0.13.0.pom
2026-01-26 13:09:02,651 [Worker-10: Importing Maven projects] INFO  o.e.m.c.i.e.AbstractTransferListenerAdapter - Downloaded https://repo.maven.apache.org/maven2/io/jsonwebtoken/jjwt-impl/0.13.0/jjwt-impl-0.13.0.pom
2026-01-26 13:09:02,742 [Worker-10: Importing Maven projects] INFO  o.e.m.c.i.e.AbstractTransferListenerAdapter - Downloading https://repo.maven.apache.org/maven2/io/jsonwebtoken/jjwt-jackson/0.13.0/jjwt-jackson-0.13.0.pom
2026-01-26 13:09:02,807 [Worker-10: Importing Maven projects] INFO  o.e.m.c.i.e.AbstractTransferListenerAdapter - Downloaded https://repo.maven.apache.org/maven2/io/jsonwebtoken/jjwt-jackson/0.13.0/jjwt-jackson-0.13.0.pom
2026-01-26 13:09:03,131 [Worker-10: Importing Maven projects] INFO  o.e.m.c.i.e.AbstractTransferListenerAdapter - Downloading https://repo.maven.apache.org/maven2/org/springframework/boot/spring-boot-starter-security/3.5.8/spring-boot-starter-security-3.5.8.jar
2026-01-26 13:09:03,211 [Worker-10: Importing Maven projects] INFO  o.e.m.c.i.e.AbstractTransferListenerAdapter - Downloaded https://repo.maven.apache.org/maven2/org/springframework/boot/spring-boot-starter-security/3.5.8/spring-boot-starter-security-3.5.8.jar
2026-01-26 13:09:03,278 [BasicRepositoryConnector-repo.maven.apache.org-0-1] INFO  o.e.m.c.i.e.AbstractTransferListenerAdapter - Downloading https://repo.maven.apache.org/maven2/org/springframework/security/spring-security-web/6.5.7/spring-security-web-6.5.7.jar
2026-01-26 13:09:03,423 [BasicRepositoryConnector-repo.maven.apache.org-0-3] INFO  o.e.m.c.i.e.AbstractTransferListenerAdapter - Downloading https://repo.maven.apache.org/maven2/org/springframework/security/spring-security-core/6.5.7/spring-security-core-6.5.7.jar
2026-01-26 13:09:03,434 [BasicRepositoryConnector-repo.maven.apache.org-0-4] INFO  o.e.m.c.i.e.AbstractTransferListenerAdapter - Downloading https://repo.maven.apache.org/maven2/org/springframework/security/spring-security-crypto/6.5.7/spring-security-crypto-6.5.7.jar
2026-01-26 13:09:03,446 [BasicRepositoryConnector-repo.maven.apache.org-0-2] INFO  o.e.m.c.i.e.AbstractTransferListenerAdapter - Downloading https://repo.maven.apache.org/maven2/org/springframework/security/spring-security-test/6.5.7/spring-security-test-6.5.7.jar
2026-01-26 13:09:03,448 [BasicRepositoryConnector-repo.maven.apache.org-0-0] INFO  o.e.m.c.i.e.AbstractTransferListenerAdapter - Downloading https://repo.maven.apache.org/maven2/org/springframework/security/spring-security-config/6.5.7/spring-security-config-6.5.7.jar
2026-01-26 13:09:03,532 [BasicRepositoryConnector-repo.maven.apache.org-0-4] INFO  o.e.m.c.i.e.AbstractTransferListenerAdapter - Downloaded https://repo.maven.apache.org/maven2/org/springframework/security/spring-security-crypto/6.5.7/spring-security-crypto-6.5.7.jar
2026-01-26 13:09:03,578 [BasicRepositoryConnector-repo.maven.apache.org-0-1] INFO  o.e.m.c.i.e.AbstractTransferListenerAdapter - Downloaded https://repo.maven.apache.org/maven2/org/springframework/security/spring-security-web/6.5.7/spring-security-web-6.5.7.jar
2026-01-26 13:09:03,585 [BasicRepositoryConnector-repo.maven.apache.org-0-2] INFO  o.e.m.c.i.e.AbstractTransferListenerAdapter - Downloaded https://repo.maven.apache.org/maven2/org/springframework/security/spring-security-test/6.5.7/spring-security-test-6.5.7.jar
2026-01-26 13:09:03,629 [BasicRepositoryConnector-repo.maven.apache.org-0-4] INFO  o.e.m.c.i.e.AbstractTransferListenerAdapter - Downloading https://repo.maven.apache.org/maven2/io/jsonwebtoken/jjwt-api/0.13.0/jjwt-api-0.13.0.jar
2026-01-26 13:09:03,661 [BasicRepositoryConnector-repo.maven.apache.org-0-1] INFO  o.e.m.c.i.e.AbstractTransferListenerAdapter - Downloading https://repo.maven.apache.org/maven2/io/jsonwebtoken/jjwt-impl/0.13.0/jjwt-impl-0.13.0.jar
2026-01-26 13:09:03,699 [BasicRepositoryConnector-repo.maven.apache.org-0-3] INFO  o.e.m.c.i.e.AbstractTransferListenerAdapter - Downloaded https://repo.maven.apache.org/maven2/org/springframework/security/spring-security-core/6.5.7/spring-security-core-6.5.7.jar
2026-01-26 13:09:03,724 [BasicRepositoryConnector-repo.maven.apache.org-0-2] INFO  o.e.m.c.i.e.AbstractTransferListenerAdapter - Downloading https://repo.maven.apache.org/maven2/io/jsonwebtoken/jjwt-jackson/0.13.0/jjwt-jackson-0.13.0.jar
2026-01-26 13:09:03,732 [BasicRepositoryConnector-repo.maven.apache.org-0-4] INFO  o.e.m.c.i.e.AbstractTransferListenerAdapter - Downloaded https://repo.maven.apache.org/maven2/io/jsonwebtoken/jjwt-api/0.13.0/jjwt-api-0.13.0.jar
2026-01-26 13:09:03,860 [BasicRepositoryConnector-repo.maven.apache.org-0-1] INFO  o.e.m.c.i.e.AbstractTransferListenerAdapter - Downloaded https://repo.maven.apache.org/maven2/io/jsonwebtoken/jjwt-impl/0.13.0/jjwt-impl-0.13.0.jar
2026-01-26 13:09:03,899 [BasicRepositoryConnector-repo.maven.apache.org-0-2] INFO  o.e.m.c.i.e.AbstractTransferListenerAdapter - Downloaded https://repo.maven.apache.org/maven2/io/jsonwebtoken/jjwt-jackson/0.13.0/jjwt-jackson-0.13.0.jar
2026-01-26 13:09:03,917 [BasicRepositoryConnector-repo.maven.apache.org-0-0] INFO  o.e.m.c.i.e.AbstractTransferListenerAdapter - Downloaded https://repo.maven.apache.org/maven2/org/springframework/security/spring-security-config/6.5.7/spring-security-config-6.5.7.jar
2026-01-26 13:09:06,244 [Worker-10: Importing Maven projects] INFO  o.e.m.j.i.AbstractJavaProjectConfigurator - Adding source folder /mrc_backend/src/main/java
2026-01-26 13:09:06,246 [Worker-10: Importing Maven projects] INFO  o.e.m.j.i.AbstractJavaProjectConfigurator - Adding resource folder /mrc_backend/src/main/resources
2026-01-26 13:09:06,256 [Worker-10: Importing Maven projects] INFO  o.e.m.j.i.AbstractJavaProjectConfigurator - Adding resource folder /mrc_backend/src/main/resources
2026-01-26 13:09:06,257 [Worker-10: Importing Maven projects] INFO  o.e.m.j.i.AbstractJavaProjectConfigurator - Adding source folder /mrc_backend/src/test/java
2026-01-26 13:09:06,258 [Worker-10: Importing Maven projects] INFO  o.e.m.j.i.AbstractJavaProjectConfigurator - Adding resource folder /mrc_backend/src/test/resources
2026-01-26 13:09:06,903 [Worker-1: Download sources and javadoc] INFO  o.e.m.c.i.e.AbstractTransferListenerAdapter - Downloading https://repo.maven.apache.org/maven2/org/springframework/boot/spring-boot-starter-security/3.5.8/spring-boot-starter-security-3.5.8-sources.jar
2026-01-26 13:09:06,921 [Worker-1: Download sources and javadoc] INFO  o.e.m.c.i.e.AbstractTransferListenerAdapter - Downloaded https://repo.maven.apache.org/maven2/org/springframework/boot/spring-boot-starter-security/3.5.8/spring-boot-starter-security-3.5.8-sources.jar
2026-01-26 13:09:06,926 [Worker-1: Download sources and javadoc] INFO  o.e.m.j.internal.DownloadSourcesJob - Downloaded sources for org.springframework.boot:spring-boot-starter-security:3.5.8
2026-01-26 13:09:07,077 [Worker-1: Download sources and javadoc] INFO  o.e.m.c.i.e.AbstractTransferListenerAdapter - Downloading https://repo.maven.apache.org/maven2/org/springframework/security/spring-security-config/6.5.7/spring-security-config-6.5.7-sources.jar
2026-01-26 13:09:07,456 [Worker-1: Download sources and javadoc] INFO  o.e.m.c.i.e.AbstractTransferListenerAdapter - Downloaded https://repo.maven.apache.org/maven2/org/springframework/security/spring-security-config/6.5.7/spring-security-config-6.5.7-sources.jar
2026-01-26 13:09:07,460 [Worker-1: Download sources and javadoc] INFO  o.e.m.j.internal.DownloadSourcesJob - Downloaded sources for org.springframework.security:spring-security-config:6.5.7
2026-01-26 13:09:07,649 [Worker-1: Download sources and javadoc] INFO  o.e.m.c.i.e.AbstractTransferListenerAdapter - Downloading https://repo.maven.apache.org/maven2/org/springframework/security/spring-security-web/6.5.7/spring-security-web-6.5.7-sources.jar
2026-01-26 13:09:07,943 [Worker-1: Download sources and javadoc] INFO  o.e.m.c.i.e.AbstractTransferListenerAdapter - Downloaded https://repo.maven.apache.org/maven2/org/springframework/security/spring-security-web/6.5.7/spring-security-web-6.5.7-sources.jar
2026-01-26 13:09:07,949 [Worker-1: Download sources and javadoc] INFO  o.e.m.j.internal.DownloadSourcesJob - Downloaded sources for org.springframework.security:spring-security-web:6.5.7
2026-01-26 13:09:08,129 [Worker-1: Download sources and javadoc] INFO  o.e.m.c.i.e.AbstractTransferListenerAdapter - Downloading https://repo.maven.apache.org/maven2/org/springframework/security/spring-security-test/6.5.7/spring-security-test-6.5.7-sources.jar
2026-01-26 13:09:08,181 [Worker-1: Download sources and javadoc] INFO  o.e.m.c.i.e.AbstractTransferListenerAdapter - Downloaded https://repo.maven.apache.org/maven2/org/springframework/security/spring-security-test/6.5.7/spring-security-test-6.5.7-sources.jar
2026-01-26 13:09:08,184 [Worker-1: Download sources and javadoc] INFO  o.e.m.j.internal.DownloadSourcesJob - Downloaded sources for org.springframework.security:spring-security-test:6.5.7
2026-01-26 13:09:08,416 [Worker-1: Download sources and javadoc] INFO  o.e.m.c.i.e.AbstractTransferListenerAdapter - Downloading https://repo.maven.apache.org/maven2/org/springframework/security/spring-security-core/6.5.7/spring-security-core-6.5.7-sources.jar
2026-01-26 13:09:08,659 [Worker-1: Download sources and javadoc] INFO  o.e.m.c.i.e.AbstractTransferListenerAdapter - Downloaded https://repo.maven.apache.org/maven2/org/springframework/security/spring-security-core/6.5.7/spring-security-core-6.5.7-sources.jar
2026-01-26 13:09:08,662 [Worker-1: Download sources and javadoc] INFO  o.e.m.j.internal.DownloadSourcesJob - Downloaded sources for org.springframework.security:spring-security-core:6.5.7
2026-01-26 13:09:08,822 [Worker-1: Download sources and javadoc] INFO  o.e.m.c.i.e.AbstractTransferListenerAdapter - Downloading https://repo.maven.apache.org/maven2/org/springframework/security/spring-security-crypto/6.5.7/spring-security-crypto-6.5.7-sources.jar
2026-01-26 13:09:08,917 [Worker-1: Download sources and javadoc] INFO  o.e.m.c.i.e.AbstractTransferListenerAdapter - Downloaded https://repo.maven.apache.org/maven2/org/springframework/security/spring-security-crypto/6.5.7/spring-security-crypto-6.5.7-sources.jar
2026-01-26 13:09:08,921 [Worker-1: Download sources and javadoc] INFO  o.e.m.j.internal.DownloadSourcesJob - Downloaded sources for org.springframework.security:spring-security-crypto:6.5.7
2026-01-26 13:09:09,081 [Worker-1: Download sources and javadoc] INFO  o.e.m.c.i.e.AbstractTransferListenerAdapter - Downloading https://repo.maven.apache.org/maven2/io/jsonwebtoken/jjwt-api/0.13.0/jjwt-api-0.13.0-sources.jar
2026-01-26 13:09:09,301 [Worker-1: Download sources and javadoc] INFO  o.e.m.c.i.e.AbstractTransferListenerAdapter - Downloaded https://repo.maven.apache.org/maven2/io/jsonwebtoken/jjwt-api/0.13.0/jjwt-api-0.13.0-sources.jar
2026-01-26 13:09:09,306 [Worker-1: Download sources and javadoc] INFO  o.e.m.j.internal.DownloadSourcesJob - Downloaded sources for io.jsonwebtoken:jjwt-api:0.13.0
2026-01-26 13:09:09,498 [Worker-1: Download sources and javadoc] INFO  o.e.m.c.i.e.AbstractTransferListenerAdapter - Downloading https://repo.maven.apache.org/maven2/io/jsonwebtoken/jjwt-impl/0.13.0/jjwt-impl-0.13.0-sources.jar
2026-01-26 13:09:09,661 [Worker-1: Download sources and javadoc] INFO  o.e.m.c.i.e.AbstractTransferListenerAdapter - Downloaded https://repo.maven.apache.org/maven2/io/jsonwebtoken/jjwt-impl/0.13.0/jjwt-impl-0.13.0-sources.jar
2026-01-26 13:09:09,666 [Worker-1: Download sources and javadoc] INFO  o.e.m.j.internal.DownloadSourcesJob - Downloaded sources for io.jsonwebtoken:jjwt-impl:0.13.0
2026-01-26 13:09:09,817 [Worker-1: Download sources and javadoc] INFO  o.e.m.c.i.e.AbstractTransferListenerAdapter - Downloading https://repo.maven.apache.org/maven2/io/jsonwebtoken/jjwt-jackson/0.13.0/jjwt-jackson-0.13.0-sources.jar
2026-01-26 13:09:09,921 [Worker-1: Download sources and javadoc] INFO  o.e.m.c.i.e.AbstractTransferListenerAdapter - Downloaded https://repo.maven.apache.org/maven2/io/jsonwebtoken/jjwt-jackson/0.13.0/jjwt-jackson-0.13.0-sources.jar
2026-01-26 13:09:09,926 [Worker-1: Download sources and javadoc] INFO  o.e.m.j.internal.DownloadSourcesJob - Downloaded sources for io.jsonwebtoken:jjwt-jackson:0.13.0
2026-01-26 13:09:12,984 [Worker-10: Importing Maven projects] INFO  o.e.m.c.i.p.ProjectConfigurationManager - Imported and configured 1 project(s) in 21 sec
2026-01-26 13:09:16,180 [Worker-12: Building] INFO  o.a.m.s.f.DefaultMavenResourcesFiltering - Copying 1 resource from src\main\resources to target\classes
2026-01-26 13:09:16,225 [Worker-12: Building] INFO  o.a.m.s.f.DefaultMavenResourcesFiltering - Copying 0 resource from src\main\resources to target\classes
2026-01-26 13:09:16,233 [Worker-12: Building] INFO  o.a.m.s.f.DefaultMavenResourcesFiltering - skip non existing resourceDirectory C:\Users\Admin\Desktop\CDAC PROJECT\MRC\IRCTC-2.0\mrc_backend_code\src\test\resources
2026-01-26 13:09:18,050 [Worker-1: Updating Maven Project] INFO  o.e.m.c.i.p.ProjectConfigurationManager - Update started
2026-01-26 13:09:18,647 [Worker-1: Updating Maven Project] INFO  o.e.m.c.i.l.LifecycleMappingFactory - Using org.eclipse.m2e.jdt.JarLifecycleMapping lifecycle mapping for MavenProject: com.mrc:mrc_backend:0.0.1 @ C:\Users\Admin\Desktop\CDAC PROJECT\MRC\IRCTC-2.0\mrc_backend_code\pom.xml.
2026-01-26 13:09:19,626 [Worker-1: Updating Maven Project] INFO  o.e.m.j.i.AbstractJavaProjectConfigurator - Adding source folder /mrc_backend/src/main/java
2026-01-26 13:09:19,627 [Worker-1: Updating Maven Project] INFO  o.e.m.j.i.AbstractJavaProjectConfigurator - Adding resource folder /mrc_backend/src/main/resources
2026-01-26 13:09:19,627 [Worker-1: Updating Maven Project] INFO  o.e.m.j.i.AbstractJavaProjectConfigurator - Adding resource folder /mrc_backend/src/main/resources
2026-01-26 13:09:19,628 [Worker-1: Updating Maven Project] INFO  o.e.m.j.i.AbstractJavaProjectConfigurator - Adding source folder /mrc_backend/src/test/java
2026-01-26 13:09:19,628 [Worker-1: Updating Maven Project] INFO  o.e.m.j.i.AbstractJavaProjectConfigurator - Adding resource folder /mrc_backend/src/test/resources
2026-01-26 13:09:20,191 [Worker-1: Updating Maven Project] INFO  o.e.m.c.i.p.ProjectConfigurationManager - Update completed for 1 poms: local refresh takes 0.00 sec, refresh facades takes 1.00 sec, update config takes 0.00 sec 
2026-01-26 13:09:21,086 [Worker-7: Building] INFO  o.a.m.s.f.DefaultMavenResourcesFiltering - Copying 1 resource from src\main\resources to target\classes
2026-01-26 13:09:21,114 [Worker-7: Building] INFO  o.a.m.s.f.DefaultMavenResourcesFiltering - Copying 0 resource from src\main\resources to target\classes
2026-01-26 13:09:21,121 [Worker-7: Building] INFO  o.a.m.s.f.DefaultMavenResourcesFiltering - skip non existing resourceDirectory C:\Users\Admin\Desktop\CDAC PROJECT\MRC\IRCTC-2.0\mrc_backend_code\src\test\resources
2026-01-26 13:09:24,927 [main] INFO  o.e.m2e.actions.ExecutePomAction - Creating new launch configuration
2026-01-26 13:09:35,367 [Worker-4: Launching mrc_backend_code] INFO  o.eclipse.m2e.core.internal.Bundles - getClasspathEntries(Bundle=org.eclipse.m2e.maven.runtime_3.9.900.20250220-2013 [361])
2026-01-26 13:09:35,369 [Worker-4: Launching mrc_backend_code] INFO  o.eclipse.m2e.core.internal.Bundles - 	Entry: C:\Users\Admin\Downloads\Copy of sts-4.30.0.RELEASE\sts-4.30.0.RELEASE\plugins\org.eclipse.m2e.maven.runtime_3.9.900.20250220-2013
2026-01-26 13:09:35,369 [Worker-4: Launching mrc_backend_code] INFO  o.eclipse.m2e.core.internal.Bundles - 	Entry: C:\Users\Admin\Downloads\Copy of sts-4.30.0.RELEASE\sts-4.30.0.RELEASE\plugins\org.eclipse.m2e.maven.runtime_3.9.900.20250220-2013\jars\aopalliance-1.0.jar
2026-01-26 13:09:35,370 [Worker-4: Launching mrc_backend_code] INFO  o.eclipse.m2e.core.internal.Bundles - 	Entry: C:\Users\Admin\Downloads\Copy of sts-4.30.0.RELEASE\sts-4.30.0.RELEASE\plugins\org.eclipse.m2e.maven.runtime_3.9.900.20250220-2013\jars\guice-5.1.0.jar
2026-01-26 13:09:35,370 [Worker-4: Launching mrc_backend_code] INFO  o.eclipse.m2e.core.internal.Bundles - 	Entry: C:\Users\Admin\Downloads\Copy of sts-4.30.0.RELEASE\sts-4.30.0.RELEASE\plugins\org.eclipse.m2e.maven.runtime_3.9.900.20250220-2013\jars\httpclient-4.5.14.jar
2026-01-26 13:09:35,370 [Worker-4: Launching mrc_backend_code] INFO  o.eclipse.m2e.core.internal.Bundles - 	Entry: C:\Users\Admin\Downloads\Copy of sts-4.30.0.RELEASE\sts-4.30.0.RELEASE\plugins\org.eclipse.m2e.maven.runtime_3.9.900.20250220-2013\jars\httpcore-4.4.16.jar
2026-01-26 13:09:35,370 [Worker-4: Launching mrc_backend_code] INFO  o.eclipse.m2e.core.internal.Bundles - 	Entry: C:\Users\Admin\Downloads\Copy of sts-4.30.0.RELEASE\sts-4.30.0.RELEASE\plugins\org.eclipse.m2e.maven.runtime_3.9.900.20250220-2013\jars\jansi-2.4.1.jar
2026-01-26 13:09:35,370 [Worker-4: Launching mrc_backend_code] INFO  o.eclipse.m2e.core.internal.Bundles - 	Entry: C:\Users\Admin\Downloads\Copy of sts-4.30.0.RELEASE\sts-4.30.0.RELEASE\plugins\org.eclipse.m2e.maven.runtime_3.9.900.20250220-2013\jars\jcl-over-slf4j-1.7.36.jar
2026-01-26 13:09:35,370 [Worker-4: Launching mrc_backend_code] INFO  o.eclipse.m2e.core.internal.Bundles - 	Entry: C:\Users\Admin\Downloads\Copy of sts-4.30.0.RELEASE\sts-4.30.0.RELEASE\plugins\org.eclipse.m2e.maven.runtime_3.9.900.20250220-2013\jars\maven-artifact-3.9.9.jar
2026-01-26 13:09:35,371 [Worker-4: Launching mrc_backend_code] INFO  o.eclipse.m2e.core.internal.Bundles - 	Entry: C:\Users\Admin\Downloads\Copy of sts-4.30.0.RELEASE\sts-4.30.0.RELEASE\plugins\org.eclipse.m2e.maven.runtime_3.9.900.20250220-2013\jars\maven-builder-support-3.9.9.jar
2026-01-26 13:09:35,371 [Worker-4: Launching mrc_backend_code] INFO  o.eclipse.m2e.core.internal.Bundles - 	Entry: C:\Users\Admin\Downloads\Copy of sts-4.30.0.RELEASE\sts-4.30.0.RELEASE\plugins\org.eclipse.m2e.maven.runtime_3.9.900.20250220-2013\jars\maven-compat-3.9.9.jar
2026-01-26 13:09:35,371 [Worker-4: Launching mrc_backend_code] INFO  o.eclipse.m2e.core.internal.Bundles - 	Entry: C:\Users\Admin\Downloads\Copy of sts-4.30.0.RELEASE\sts-4.30.0.RELEASE\plugins\org.eclipse.m2e.maven.runtime_3.9.900.20250220-2013\jars\maven-core-3.9.9.jar
2026-01-26 13:09:35,371 [Worker-4: Launching mrc_backend_code] INFO  o.eclipse.m2e.core.internal.Bundles - 	Entry: C:\Users\Admin\Downloads\Copy of sts-4.30.0.RELEASE\sts-4.30.0.RELEASE\plugins\org.eclipse.m2e.maven.runtime_3.9.900.20250220-2013\jars\maven-embedder-3.9.9.jar
2026-01-26 13:09:35,371 [Worker-4: Launching mrc_backend_code] INFO  o.eclipse.m2e.core.internal.Bundles - 	Entry: C:\Users\Admin\Downloads\Copy of sts-4.30.0.RELEASE\sts-4.30.0.RELEASE\plugins\org.eclipse.m2e.maven.runtime_3.9.900.20250220-2013\jars\maven-model-3.9.9.jar
2026-01-26 13:09:35,371 [Worker-4: Launching mrc_backend_code] INFO  o.eclipse.m2e.core.internal.Bundles - 	Entry: C:\Users\Admin\Downloads\Copy of sts-4.30.0.RELEASE\sts-4.30.0.RELEASE\plugins\org.eclipse.m2e.maven.runtime_3.9.900.20250220-2013\jars\maven-model-builder-3.9.9.jar
2026-01-26 13:09:35,371 [Worker-4: Launching mrc_backend_code] INFO  o.eclipse.m2e.core.internal.Bundles - 	Entry: C:\Users\Admin\Downloads\Copy of sts-4.30.0.RELEASE\sts-4.30.0.RELEASE\plugins\org.eclipse.m2e.maven.runtime_3.9.900.20250220-2013\jars\maven-plugin-api-3.9.9.jar
2026-01-26 13:09:35,372 [Worker-4: Launching mrc_backend_code] INFO  o.eclipse.m2e.core.internal.Bundles - 	Entry: C:\Users\Admin\Downloads\Copy of sts-4.30.0.RELEASE\sts-4.30.0.RELEASE\plugins\org.eclipse.m2e.maven.runtime_3.9.900.20250220-2013\jars\maven-repository-metadata-3.9.9.jar
2026-01-26 13:09:35,372 [Worker-4: Launching mrc_backend_code] INFO  o.eclipse.m2e.core.internal.Bundles - 	Entry: C:\Users\Admin\Downloads\Copy of sts-4.30.0.RELEASE\sts-4.30.0.RELEASE\plugins\org.eclipse.m2e.maven.runtime_3.9.900.20250220-2013\jars\maven-resolver-api-1.9.22.jar
2026-01-26 13:09:35,372 [Worker-4: Launching mrc_backend_code] INFO  o.eclipse.m2e.core.internal.Bundles - 	Entry: C:\Users\Admin\Downloads\Copy of sts-4.30.0.RELEASE\sts-4.30.0.RELEASE\plugins\org.eclipse.m2e.maven.runtime_3.9.900.20250220-2013\jars\maven-resolver-connector-basic-1.9.22.jar
2026-01-26 13:09:35,372 [Worker-4: Launching mrc_backend_code] INFO  o.eclipse.m2e.core.internal.Bundles - 	Entry: C:\Users\Admin\Downloads\Copy of sts-4.30.0.RELEASE\sts-4.30.0.RELEASE\plugins\org.eclipse.m2e.maven.runtime_3.9.900.20250220-2013\jars\maven-resolver-impl-1.9.22.jar
2026-01-26 13:09:35,372 [Worker-4: Launching mrc_backend_code] INFO  o.eclipse.m2e.core.internal.Bundles - 	Entry: C:\Users\Admin\Downloads\Copy of sts-4.30.0.RELEASE\sts-4.30.0.RELEASE\plugins\org.eclipse.m2e.maven.runtime_3.9.900.20250220-2013\jars\maven-resolver-named-locks-1.9.22.jar
2026-01-26 13:09:35,372 [Worker-4: Launching mrc_backend_code] INFO  o.eclipse.m2e.core.internal.Bundles - 	Entry: C:\Users\Admin\Downloads\Copy of sts-4.30.0.RELEASE\sts-4.30.0.RELEASE\plugins\org.eclipse.m2e.maven.runtime_3.9.900.20250220-2013\jars\maven-resolver-provider-3.9.9.jar
2026-01-26 13:09:35,372 [Worker-4: Launching mrc_backend_code] INFO  o.eclipse.m2e.core.internal.Bundles - 	Entry: C:\Users\Admin\Downloads\Copy of sts-4.30.0.RELEASE\sts-4.30.0.RELEASE\plugins\org.eclipse.m2e.maven.runtime_3.9.900.20250220-2013\jars\maven-resolver-spi-1.9.22.jar
2026-01-26 13:09:35,373 [Worker-4: Launching mrc_backend_code] INFO  o.eclipse.m2e.core.internal.Bundles - 	Entry: C:\Users\Admin\Downloads\Copy of sts-4.30.0.RELEASE\sts-4.30.0.RELEASE\plugins\org.eclipse.m2e.maven.runtime_3.9.900.20250220-2013\jars\maven-resolver-transport-file-1.9.22.jar
2026-01-26 13:09:35,373 [Worker-4: Launching mrc_backend_code] INFO  o.eclipse.m2e.core.internal.Bundles - 	Entry: C:\Users\Admin\Downloads\Copy of sts-4.30.0.RELEASE\sts-4.30.0.RELEASE\plugins\org.eclipse.m2e.maven.runtime_3.9.900.20250220-2013\jars\maven-resolver-transport-http-1.9.22.jar
2026-01-26 13:09:35,373 [Worker-4: Launching mrc_backend_code] INFO  o.eclipse.m2e.core.internal.Bundles - 	Entry: C:\Users\Admin\Downloads\Copy of sts-4.30.0.RELEASE\sts-4.30.0.RELEASE\plugins\org.eclipse.m2e.maven.runtime_3.9.900.20250220-2013\jars\maven-resolver-transport-wagon-1.9.22.jar
2026-01-26 13:09:35,373 [Worker-4: Launching mrc_backend_code] INFO  o.eclipse.m2e.core.internal.Bundles - 	Entry: C:\Users\Admin\Downloads\Copy of sts-4.30.0.RELEASE\sts-4.30.0.RELEASE\plugins\org.eclipse.m2e.maven.runtime_3.9.900.20250220-2013\jars\maven-resolver-util-1.9.22.jar
2026-01-26 13:09:35,373 [Worker-4: Launching mrc_backend_code] INFO  o.eclipse.m2e.core.internal.Bundles - 	Entry: C:\Users\Admin\Downloads\Copy of sts-4.30.0.RELEASE\sts-4.30.0.RELEASE\plugins\org.eclipse.m2e.maven.runtime_3.9.900.20250220-2013\jars\maven-settings-3.9.9.jar
2026-01-26 13:09:35,373 [Worker-4: Launching mrc_backend_code] INFO  o.eclipse.m2e.core.internal.Bundles - 	Entry: C:\Users\Admin\Downloads\Copy of sts-4.30.0.RELEASE\sts-4.30.0.RELEASE\plugins\org.eclipse.m2e.maven.runtime_3.9.900.20250220-2013\jars\maven-settings-builder-3.9.9.jar
2026-01-26 13:09:35,374 [Worker-4: Launching mrc_backend_code] INFO  o.eclipse.m2e.core.internal.Bundles - 	Entry: C:\Users\Admin\Downloads\Copy of sts-4.30.0.RELEASE\sts-4.30.0.RELEASE\plugins\org.eclipse.m2e.maven.runtime_3.9.900.20250220-2013\jars\maven-shared-utils-3.4.2.jar
2026-01-26 13:09:35,374 [Worker-4: Launching mrc_backend_code] INFO  o.eclipse.m2e.core.internal.Bundles - 	Entry: C:\Users\Admin\Downloads\Copy of sts-4.30.0.RELEASE\sts-4.30.0.RELEASE\plugins\org.eclipse.m2e.maven.runtime_3.9.900.20250220-2013\jars\org.eclipse.sisu.inject-0.9.0.M3.jar
2026-01-26 13:09:35,374 [Worker-4: Launching mrc_backend_code] INFO  o.eclipse.m2e.core.internal.Bundles - 	Entry: C:\Users\Admin\Downloads\Copy of sts-4.30.0.RELEASE\sts-4.30.0.RELEASE\plugins\org.eclipse.m2e.maven.runtime_3.9.900.20250220-2013\jars\org.eclipse.sisu.plexus-0.9.0.M3.jar
2026-01-26 13:09:35,374 [Worker-4: Launching mrc_backend_code] INFO  o.eclipse.m2e.core.internal.Bundles - 	Entry: C:\Users\Admin\Downloads\Copy of sts-4.30.0.RELEASE\sts-4.30.0.RELEASE\plugins\org.eclipse.m2e.maven.runtime_3.9.900.20250220-2013\jars\plexus-build-api-0.0.7.jar
2026-01-26 13:09:35,374 [Worker-4: Launching mrc_backend_code] INFO  o.eclipse.m2e.core.internal.Bundles - 	Entry: C:\Users\Admin\Downloads\Copy of sts-4.30.0.RELEASE\sts-4.30.0.RELEASE\plugins\org.eclipse.m2e.maven.runtime_3.9.900.20250220-2013\jars\plexus-build-api-1.2.0.jar
2026-01-26 13:09:35,374 [Worker-4: Launching mrc_backend_code] INFO  o.eclipse.m2e.core.internal.Bundles - 	Entry: C:\Users\Admin\Downloads\Copy of sts-4.30.0.RELEASE\sts-4.30.0.RELEASE\plugins\org.eclipse.m2e.maven.runtime_3.9.900.20250220-2013\jars\plexus-cipher-2.0.jar
2026-01-26 13:09:35,374 [Worker-4: Launching mrc_backend_code] INFO  o.eclipse.m2e.core.internal.Bundles - 	Entry: C:\Users\Admin\Downloads\Copy of sts-4.30.0.RELEASE\sts-4.30.0.RELEASE\plugins\org.eclipse.m2e.maven.runtime_3.9.900.20250220-2013\jars\plexus-classworlds-2.8.0.jar
2026-01-26 13:09:35,375 [Worker-4: Launching mrc_backend_code] INFO  o.eclipse.m2e.core.internal.Bundles - 	Entry: C:\Users\Admin\Downloads\Copy of sts-4.30.0.RELEASE\sts-4.30.0.RELEASE\plugins\org.eclipse.m2e.maven.runtime_3.9.900.20250220-2013\jars\plexus-component-annotations-2.1.0.jar
2026-01-26 13:09:35,375 [Worker-4: Launching mrc_backend_code] INFO  o.eclipse.m2e.core.internal.Bundles - 	Entry: C:\Users\Admin\Downloads\Copy of sts-4.30.0.RELEASE\sts-4.30.0.RELEASE\plugins\org.eclipse.m2e.maven.runtime_3.9.900.20250220-2013\jars\plexus-interpolation-1.27.jar
2026-01-26 13:09:35,375 [Worker-4: Launching mrc_backend_code] INFO  o.eclipse.m2e.core.internal.Bundles - 	Entry: C:\Users\Admin\Downloads\Copy of sts-4.30.0.RELEASE\sts-4.30.0.RELEASE\plugins\org.eclipse.m2e.maven.runtime_3.9.900.20250220-2013\jars\plexus-sec-dispatcher-2.0.jar
2026-01-26 13:09:35,375 [Worker-4: Launching mrc_backend_code] INFO  o.eclipse.m2e.core.internal.Bundles - 	Entry: C:\Users\Admin\Downloads\Copy of sts-4.30.0.RELEASE\sts-4.30.0.RELEASE\plugins\org.eclipse.m2e.maven.runtime_3.9.900.20250220-2013\jars\plexus-utils-3.5.1.jar
2026-01-26 13:09:35,375 [Worker-4: Launching mrc_backend_code] INFO  o.eclipse.m2e.core.internal.Bundles - 	Entry: C:\Users\Admin\Downloads\Copy of sts-4.30.0.RELEASE\sts-4.30.0.RELEASE\plugins\org.eclipse.m2e.maven.runtime_3.9.900.20250220-2013\jars\plexus-xml-3.0.1.jar
2026-01-26 13:09:35,376 [Worker-4: Launching mrc_backend_code] INFO  o.eclipse.m2e.core.internal.Bundles - 	Entry: C:\Users\Admin\Downloads\Copy of sts-4.30.0.RELEASE\sts-4.30.0.RELEASE\plugins\org.eclipse.m2e.maven.runtime_3.9.900.20250220-2013\jars\wagon-file-3.5.3.jar
2026-01-26 13:09:35,376 [Worker-4: Launching mrc_backend_code] INFO  o.eclipse.m2e.core.internal.Bundles - 	Entry: C:\Users\Admin\Downloads\Copy of sts-4.30.0.RELEASE\sts-4.30.0.RELEASE\plugins\org.eclipse.m2e.maven.runtime_3.9.900.20250220-2013\jars\wagon-http-3.5.3.jar
2026-01-26 13:09:35,376 [Worker-4: Launching mrc_backend_code] INFO  o.eclipse.m2e.core.internal.Bundles - 	Entry: C:\Users\Admin\Downloads\Copy of sts-4.30.0.RELEASE\sts-4.30.0.RELEASE\plugins\org.eclipse.m2e.maven.runtime_3.9.900.20250220-2013\jars\wagon-http-shared-3.5.3.jar
2026-01-26 13:09:35,376 [Worker-4: Launching mrc_backend_code] INFO  o.eclipse.m2e.core.internal.Bundles - 	Entry: C:\Users\Admin\Downloads\Copy of sts-4.30.0.RELEASE\sts-4.30.0.RELEASE\plugins\org.eclipse.m2e.maven.runtime_3.9.900.20250220-2013\jars\wagon-provider-api-3.5.3.jar
2026-01-26 13:09:35,378 [Worker-4: Launching mrc_backend_code] INFO  o.eclipse.m2e.core.internal.Bundles - getClasspathEntries(Bundle=com.google.guava_33.4.0.jre [29])
2026-01-26 13:09:35,379 [Worker-4: Launching mrc_backend_code] INFO  o.eclipse.m2e.core.internal.Bundles - 	Entry: C:\Users\Admin\Downloads\Copy of sts-4.30.0.RELEASE\sts-4.30.0.RELEASE\plugins\com.google.guava_33.4.0.jre.jar
2026-01-26 13:09:35,379 [Worker-4: Launching mrc_backend_code] INFO  o.eclipse.m2e.core.internal.Bundles - getClasspathEntries(Bundle=slf4j.api_2.0.17 [608])
2026-01-26 13:09:35,379 [Worker-4: Launching mrc_backend_code] INFO  o.eclipse.m2e.core.internal.Bundles - 	Entry: C:\Users\Admin\Downloads\Copy of sts-4.30.0.RELEASE\sts-4.30.0.RELEASE\plugins\slf4j.api_2.0.17.jar
2026-01-26 13:09:35,379 [Worker-4: Launching mrc_backend_code] INFO  o.eclipse.m2e.core.internal.Bundles - getClasspathEntries(Bundle=javax.inject_1.0.0.v20220405-0441 [759])
2026-01-26 13:09:35,379 [Worker-4: Launching mrc_backend_code] INFO  o.eclipse.m2e.core.internal.Bundles - 	Entry: C:\Users\Admin\Downloads\Copy of sts-4.30.0.RELEASE\sts-4.30.0.RELEASE\plugins\javax.inject_1.0.0.v20220405-0441.jar
2026-01-26 13:09:35,379 [Worker-4: Launching mrc_backend_code] INFO  o.eclipse.m2e.core.internal.Bundles - getClasspathEntries(Bundle=javax.annotation_1.3.5.v20230504-0748 [758])
2026-01-26 13:09:35,381 [Worker-4: Launching mrc_backend_code] INFO  o.eclipse.m2e.core.internal.Bundles - 	Entry: C:\Users\Admin\Downloads\Copy of sts-4.30.0.RELEASE\sts-4.30.0.RELEASE\plugins\javax.annotation_1.3.5.v20230504-0748.jar
2026-01-26 13:09:35,381 [Worker-4: Launching mrc_backend_code] INFO  o.eclipse.m2e.core.internal.Bundles - getClasspathEntries(Bundle=org.apache.commons.cli_1.9.0 [77])
2026-01-26 13:09:35,381 [Worker-4: Launching mrc_backend_code] INFO  o.eclipse.m2e.core.internal.Bundles - 	Entry: C:\Users\Admin\Downloads\Copy of sts-4.30.0.RELEASE\sts-4.30.0.RELEASE\plugins\org.apache.commons.cli_1.9.0.jar
2026-01-26 13:09:35,381 [Worker-4: Launching mrc_backend_code] INFO  o.eclipse.m2e.core.internal.Bundles - getClasspathEntries(Bundle=org.apache.commons.commons-codec_1.16.0 [79])
2026-01-26 13:09:35,381 [Worker-4: Launching mrc_backend_code] INFO  o.eclipse.m2e.core.internal.Bundles - 	Entry: C:\Users\Admin\Downloads\Copy of sts-4.30.0.RELEASE\sts-4.30.0.RELEASE\plugins\org.apache.commons.commons-codec_1.16.0.jar
2026-01-26 13:09:35,381 [Worker-4: Launching mrc_backend_code] INFO  o.eclipse.m2e.core.internal.Bundles - getClasspathEntries(Bundle=com.google.guava.failureaccess_1.0.2 [30])
2026-01-26 13:09:35,382 [Worker-4: Launching mrc_backend_code] INFO  o.eclipse.m2e.core.internal.Bundles - 	Entry: C:\Users\Admin\Downloads\Copy of sts-4.30.0.RELEASE\sts-4.30.0.RELEASE\plugins\com.google.guava.failureaccess_1.0.2.jar
2026-01-26 13:09:35,384 [Worker-4: Launching mrc_backend_code] INFO  o.e.m.i.launch.MavenLaunchDelegate - Run build in "C:\Users\Admin\Desktop\CDAC PROJECT\MRC\IRCTC-2.0\mrc_backend_code":
2026-01-26 13:09:35,392 [Worker-4: Launching mrc_backend_code] INFO  o.e.m.i.launch.MavenLaunchDelegate -  mvn  -B -Dstyle.color=always clean compile
2026-01-26 13:43:55,141 [Worker-19: Building] INFO  o.a.m.s.f.DefaultMavenResourcesFiltering - Copying 1 resource from src\main\resources to target\classes
2026-01-26 13:43:55,317 [Worker-19: Building] INFO  o.a.m.s.f.DefaultMavenResourcesFiltering - Copying 0 resource from src\main\resources to target\classes
2026-01-26 13:43:55,328 [Worker-19: Building] INFO  o.a.m.s.f.DefaultMavenResourcesFiltering - skip non existing resourceDirectory C:\Users\Admin\Desktop\CDAC PROJECT\MRC\IRCTC-2.0\mrc_backend_code\src\test\resources
2026-01-26 13:44:52,229 [Worker-19: Building] INFO  o.a.m.s.f.DefaultMavenResourcesFiltering - Copying 1 resource from src\main\resources to target\classes
2026-01-26 13:44:52,244 [Worker-19: Building] INFO  o.a.m.s.f.DefaultMavenResourcesFiltering - Copying 0 resource from src\main\resources to target\classes
2026-01-26 13:44:52,252 [Worker-19: Building] INFO  o.a.m.s.f.DefaultMavenResourcesFiltering - skip non existing resourceDirectory C:\Users\Admin\Desktop\CDAC PROJECT\MRC\IRCTC-2.0\mrc_backend_code\src\test\resources
2026-01-26 13:45:38,884 [Worker-19: Building] INFO  o.a.m.s.f.DefaultMavenResourcesFiltering - Copying 1 resource from src\main\resources to target\classes
2026-01-26 13:45:38,898 [Worker-19: Building] INFO  o.a.m.s.f.DefaultMavenResourcesFiltering - Copying 0 resource from src\main\resources to target\classes
2026-01-26 13:45:38,907 [Worker-19: Building] INFO  o.a.m.s.f.DefaultMavenResourcesFiltering - skip non existing resourceDirectory C:\Users\Admin\Desktop\CDAC PROJECT\MRC\IRCTC-2.0\mrc_backend_code\src\test\resources
2026-01-26 13:45:56,391 [Worker-20: Building] INFO  o.a.m.s.f.DefaultMavenResourcesFiltering - Copying 1 resource from src\main\resources to target\classes
2026-01-26 13:45:56,427 [Worker-20: Building] INFO  o.a.m.s.f.DefaultMavenResourcesFiltering - Copying 0 resource from src\main\resources to target\classes
2026-01-26 13:45:56,430 [Worker-20: Building] INFO  o.a.m.s.f.DefaultMavenResourcesFiltering - skip non existing resourceDirectory C:\Users\Admin\Desktop\CDAC PROJECT\MRC\IRCTC-2.0\mrc_backend_code\src\test\resources
2026-01-26 13:46:30,175 [Worker-17: Building] INFO  o.a.m.s.f.DefaultMavenResourcesFiltering - Copying 1 resource from src\main\resources to target\classes
2026-01-26 13:46:30,204 [Worker-17: Building] INFO  o.a.m.s.f.DefaultMavenResourcesFiltering - Copying 0 resource from src\main\resources to target\classes
2026-01-26 13:46:30,213 [Worker-17: Building] INFO  o.a.m.s.f.DefaultMavenResourcesFiltering - skip non existing resourceDirectory C:\Users\Admin\Desktop\CDAC PROJECT\MRC\IRCTC-2.0\mrc_backend_code\src\test\resources
2026-01-26 13:46:41,586 [Worker-18: Building] INFO  o.a.m.s.f.DefaultMavenResourcesFiltering - Copying 1 resource from src\main\resources to target\classes
2026-01-26 13:46:41,598 [Worker-18: Building] INFO  o.a.m.s.f.DefaultMavenResourcesFiltering - Copying 0 resource from src\main\resources to target\classes
2026-01-26 13:46:41,603 [Worker-18: Building] INFO  o.a.m.s.f.DefaultMavenResourcesFiltering - skip non existing resourceDirectory C:\Users\Admin\Desktop\CDAC PROJECT\MRC\IRCTC-2.0\mrc_backend_code\src\test\resources
2026-01-26 13:48:00,355 [Worker-15: Building] INFO  o.a.m.s.f.DefaultMavenResourcesFiltering - Copying 1 resource from src\main\resources to target\classes
2026-01-26 13:48:00,381 [Worker-15: Building] INFO  o.a.m.s.f.DefaultMavenResourcesFiltering - Copying 0 resource from src\main\resources to target\classes
2026-01-26 13:48:00,386 [Worker-15: Building] INFO  o.a.m.s.f.DefaultMavenResourcesFiltering - skip non existing resourceDirectory C:\Users\Admin\Desktop\CDAC PROJECT\MRC\IRCTC-2.0\mrc_backend_code\src\test\resources
2026-01-26 13:48:57,401 [Worker-15: Building] INFO  o.a.m.s.f.DefaultMavenResourcesFiltering - Copying 1 resource from src\main\resources to target\classes
2026-01-26 13:48:57,415 [Worker-15: Building] INFO  o.a.m.s.f.DefaultMavenResourcesFiltering - Copying 0 resource from src\main\resources to target\classes
2026-01-26 13:48:57,421 [Worker-15: Building] INFO  o.a.m.s.f.DefaultMavenResourcesFiltering - skip non existing resourceDirectory C:\Users\Admin\Desktop\CDAC PROJECT\MRC\IRCTC-2.0\mrc_backend_code\src\test\resources
2026-01-26 19:01:30,115 [Worker-32: Building] INFO  o.a.m.s.f.DefaultMavenResourcesFiltering - Copying 1 resource from src\main\resources to target\classes
2026-01-26 19:01:30,140 [Worker-32: Building] INFO  o.a.m.s.f.DefaultMavenResourcesFiltering - Copying 0 resource from src\main\resources to target\classes
2026-01-26 19:01:30,149 [Worker-32: Building] INFO  o.a.m.s.f.DefaultMavenResourcesFiltering - skip non existing resourceDirectory C:\Users\Admin\Desktop\CDAC PROJECT\MRC\IRCTC-2.0\mrc_backend_code\src\test\resources
2026-01-26 19:01:44,394 [Worker-32: Building] INFO  o.a.m.s.f.DefaultMavenResourcesFiltering - Copying 1 resource from src\main\resources to target\classes
2026-01-26 19:01:44,409 [Worker-32: Building] INFO  o.a.m.s.f.DefaultMavenResourcesFiltering - Copying 0 resource from src\main\resources to target\classes
2026-01-26 19:01:44,413 [Worker-32: Building] INFO  o.a.m.s.f.DefaultMavenResourcesFiltering - skip non existing resourceDirectory C:\Users\Admin\Desktop\CDAC PROJECT\MRC\IRCTC-2.0\mrc_backend_code\src\test\resources
2026-01-26 19:02:42,608 [Worker-32: Building] INFO  o.a.m.s.f.DefaultMavenResourcesFiltering - Copying 1 resource from src\main\resources to target\classes
2026-01-26 19:02:42,621 [Worker-32: Building] INFO  o.a.m.s.f.DefaultMavenResourcesFiltering - Copying 0 resource from src\main\resources to target\classes
2026-01-26 19:02:42,626 [Worker-32: Building] INFO  o.a.m.s.f.DefaultMavenResourcesFiltering - skip non existing resourceDirectory C:\Users\Admin\Desktop\CDAC PROJECT\MRC\IRCTC-2.0\mrc_backend_code\src\test\resources
2026-01-26 19:02:53,412 [Worker-20: Building] INFO  o.a.m.s.f.DefaultMavenResourcesFiltering - Copying 1 resource from src\main\resources to target\classes
2026-01-26 19:02:53,421 [Worker-20: Building] INFO  o.a.m.s.f.DefaultMavenResourcesFiltering - Copying 0 resource from src\main\resources to target\classes
2026-01-26 19:02:53,428 [Worker-20: Building] INFO  o.a.m.s.f.DefaultMavenResourcesFiltering - skip non existing resourceDirectory C:\Users\Admin\Desktop\CDAC PROJECT\MRC\IRCTC-2.0\mrc_backend_code\src\test\resources
2026-01-26 19:04:55,403 [Worker-32: Launching mrc_backend - Application] INFO  o.a.m.s.f.DefaultMavenResourcesFiltering - Copying 1 resource from src\main\resources to target\classes
2026-01-26 19:04:55,415 [Worker-32: Launching mrc_backend - Application] INFO  o.a.m.s.f.DefaultMavenResourcesFiltering - Copying 0 resource from src\main\resources to target\classes
2026-01-26 19:04:55,419 [Worker-32: Launching mrc_backend - Application] INFO  o.a.m.s.f.DefaultMavenResourcesFiltering - skip non existing resourceDirectory C:\Users\Admin\Desktop\CDAC PROJECT\MRC\IRCTC-2.0\mrc_backend_code\src\test\resources
2026-01-26 19:05:39,559 [Worker-35: Building] INFO  o.a.m.s.f.DefaultMavenResourcesFiltering - Copying 1 resource from src\main\resources to target\classes
2026-01-26 19:05:39,569 [Worker-35: Building] INFO  o.a.m.s.f.DefaultMavenResourcesFiltering - Copying 0 resource from src\main\resources to target\classes
2026-01-26 19:05:39,573 [Worker-35: Building] INFO  o.a.m.s.f.DefaultMavenResourcesFiltering - skip non existing resourceDirectory C:\Users\Admin\Desktop\CDAC PROJECT\MRC\IRCTC-2.0\mrc_backend_code\src\test\resources
2026-01-26 19:09:04,331 [Worker-32: Building] INFO  o.a.m.s.f.DefaultMavenResourcesFiltering - Copying 1 resource from src\main\resources to target\classes
2026-01-26 19:09:04,361 [Worker-32: Building] INFO  o.a.m.s.f.DefaultMavenResourcesFiltering - Copying 0 resource from src\main\resources to target\classes
2026-01-26 19:09:04,367 [Worker-32: Building] INFO  o.a.m.s.f.DefaultMavenResourcesFiltering - skip non existing resourceDirectory C:\Users\Admin\Desktop\CDAC PROJECT\MRC\IRCTC-2.0\mrc_backend_code\src\test\resources
2026-01-26 19:15:07,124 [Worker-39: Building] INFO  o.a.m.s.f.DefaultMavenResourcesFiltering - Copying 1 resource from src\main\resources to target\classes
2026-01-26 19:15:07,157 [Worker-39: Building] INFO  o.a.m.s.f.DefaultMavenResourcesFiltering - Copying 0 resource from src\main\resources to target\classes
2026-01-26 19:15:07,162 [Worker-39: Building] INFO  o.a.m.s.f.DefaultMavenResourcesFiltering - skip non existing resourceDirectory C:\Users\Admin\Desktop\CDAC PROJECT\MRC\IRCTC-2.0\mrc_backend_code\src\test\resources
2026-01-26 19:45:24,462 [Worker-44: Building] INFO  o.a.m.s.f.DefaultMavenResourcesFiltering - Copying 1 resource from src\main\resources to target\classes
2026-01-26 19:45:24,560 [Worker-44: Building] INFO  o.a.m.s.f.DefaultMavenResourcesFiltering - Copying 0 resource from src\main\resources to target\classes
2026-01-26 19:45:24,571 [Worker-44: Building] INFO  o.a.m.s.f.DefaultMavenResourcesFiltering - skip non existing resourceDirectory C:\Users\Admin\Desktop\CDAC PROJECT\MRC\IRCTC-2.0\mrc_backend_code\src\test\resources
2026-01-26 19:45:36,928 [Worker-43: Building] INFO  o.a.m.s.f.DefaultMavenResourcesFiltering - Copying 1 resource from src\main\resources to target\classes
2026-01-26 19:45:36,952 [Worker-43: Building] INFO  o.a.m.s.f.DefaultMavenResourcesFiltering - Copying 0 resource from src\main\resources to target\classes
2026-01-26 19:45:36,958 [Worker-43: Building] INFO  o.a.m.s.f.DefaultMavenResourcesFiltering - skip non existing resourceDirectory C:\Users\Admin\Desktop\CDAC PROJECT\MRC\IRCTC-2.0\mrc_backend_code\src\test\resources
2026-01-26 19:45:51,395 [Worker-44: Building] INFO  o.a.m.s.f.DefaultMavenResourcesFiltering - Copying 1 resource from src\main\resources to target\classes
2026-01-26 19:45:51,406 [Worker-44: Building] INFO  o.a.m.s.f.DefaultMavenResourcesFiltering - Copying 0 resource from src\main\resources to target\classes
2026-01-26 19:45:51,410 [Worker-44: Building] INFO  o.a.m.s.f.DefaultMavenResourcesFiltering - skip non existing resourceDirectory C:\Users\Admin\Desktop\CDAC PROJECT\MRC\IRCTC-2.0\mrc_backend_code\src\test\resources
2026-01-26 19:46:23,149 [Worker-45: Building] INFO  o.a.m.s.f.DefaultMavenResourcesFiltering - Copying 1 resource from src\main\resources to target\classes
2026-01-26 19:46:23,168 [Worker-45: Building] INFO  o.a.m.s.f.DefaultMavenResourcesFiltering - Copying 0 resource from src\main\resources to target\classes
2026-01-26 19:46:23,173 [Worker-45: Building] INFO  o.a.m.s.f.DefaultMavenResourcesFiltering - skip non existing resourceDirectory C:\Users\Admin\Desktop\CDAC PROJECT\MRC\IRCTC-2.0\mrc_backend_code\src\test\resources
2026-01-26 19:47:47,392 [Worker-32: Building] INFO  o.a.m.s.f.DefaultMavenResourcesFiltering - Copying 1 resource from src\main\resources to target\classes
2026-01-26 19:47:47,428 [Worker-32: Building] INFO  o.a.m.s.f.DefaultMavenResourcesFiltering - Copying 0 resource from src\main\resources to target\classes
2026-01-26 19:47:47,434 [Worker-32: Building] INFO  o.a.m.s.f.DefaultMavenResourcesFiltering - skip non existing resourceDirectory C:\Users\Admin\Desktop\CDAC PROJECT\MRC\IRCTC-2.0\mrc_backend_code\src\test\resources
2026-01-26 19:49:02,500 [Worker-43: Building] INFO  o.a.m.s.f.DefaultMavenResourcesFiltering - Copying 1 resource from src\main\resources to target\classes
2026-01-26 19:49:02,543 [Worker-43: Building] INFO  o.a.m.s.f.DefaultMavenResourcesFiltering - Copying 0 resource from src\main\resources to target\classes
2026-01-26 19:49:02,548 [Worker-43: Building] INFO  o.a.m.s.f.DefaultMavenResourcesFiltering - skip non existing resourceDirectory C:\Users\Admin\Desktop\CDAC PROJECT\MRC\IRCTC-2.0\mrc_backend_code\src\test\resources
2026-01-26 19:49:12,500 [Worker-32: Building] INFO  o.a.m.s.f.DefaultMavenResourcesFiltering - Copying 1 resource from src\main\resources to target\classes
2026-01-26 19:49:12,506 [Worker-32: Building] INFO  o.a.m.s.f.DefaultMavenResourcesFiltering - Copying 0 resource from src\main\resources to target\classes
2026-01-26 19:49:12,509 [Worker-32: Building] INFO  o.a.m.s.f.DefaultMavenResourcesFiltering - skip non existing resourceDirectory C:\Users\Admin\Desktop\CDAC PROJECT\MRC\IRCTC-2.0\mrc_backend_code\src\test\resources
2026-01-26 19:49:29,184 [Worker-43: Building] INFO  o.a.m.s.f.DefaultMavenResourcesFiltering - Copying 1 resource from src\main\resources to target\classes
2026-01-26 19:49:29,193 [Worker-43: Building] INFO  o.a.m.s.f.DefaultMavenResourcesFiltering - Copying 0 resource from src\main\resources to target\classes
2026-01-26 19:49:29,200 [Worker-43: Building] INFO  o.a.m.s.f.DefaultMavenResourcesFiltering - skip non existing resourceDirectory C:\Users\Admin\Desktop\CDAC PROJECT\MRC\IRCTC-2.0\mrc_backend_code\src\test\resources
2026-01-26 19:49:46,173 [Worker-42: Building] INFO  o.a.m.s.f.DefaultMavenResourcesFiltering - Copying 1 resource from src\main\resources to target\classes
2026-01-26 19:49:46,191 [Worker-42: Building] INFO  o.a.m.s.f.DefaultMavenResourcesFiltering - Copying 0 resource from src\main\resources to target\classes
2026-01-26 19:49:46,196 [Worker-42: Building] INFO  o.a.m.s.f.DefaultMavenResourcesFiltering - skip non existing resourceDirectory C:\Users\Admin\Desktop\CDAC PROJECT\MRC\IRCTC-2.0\mrc_backend_code\src\test\resources
2026-01-26 19:50:06,609 [Worker-44: Building] INFO  o.a.m.s.f.DefaultMavenResourcesFiltering - Copying 1 resource from src\main\resources to target\classes
2026-01-26 19:50:06,632 [Worker-44: Building] INFO  o.a.m.s.f.DefaultMavenResourcesFiltering - Copying 0 resource from src\main\resources to target\classes
2026-01-26 19:50:06,636 [Worker-44: Building] INFO  o.a.m.s.f.DefaultMavenResourcesFiltering - skip non existing resourceDirectory C:\Users\Admin\Desktop\CDAC PROJECT\MRC\IRCTC-2.0\mrc_backend_code\src\test\resources
2026-01-26 19:50:13,932 [Worker-45: Building] INFO  o.a.m.s.f.DefaultMavenResourcesFiltering - Copying 1 resource from src\main\resources to target\classes
2026-01-26 19:50:13,940 [Worker-45: Building] INFO  o.a.m.s.f.DefaultMavenResourcesFiltering - Copying 0 resource from src\main\resources to target\classes
2026-01-26 19:50:13,943 [Worker-45: Building] INFO  o.a.m.s.f.DefaultMavenResourcesFiltering - skip non existing resourceDirectory C:\Users\Admin\Desktop\CDAC PROJECT\MRC\IRCTC-2.0\mrc_backend_code\src\test\resources
2026-01-26 19:51:03,342 [Worker-44: Building] INFO  o.a.m.s.f.DefaultMavenResourcesFiltering - Copying 1 resource from src\main\resources to target\classes
2026-01-26 19:51:03,351 [Worker-44: Building] INFO  o.a.m.s.f.DefaultMavenResourcesFiltering - Copying 0 resource from src\main\resources to target\classes
2026-01-26 19:51:03,354 [Worker-44: Building] INFO  o.a.m.s.f.DefaultMavenResourcesFiltering - skip non existing resourceDirectory C:\Users\Admin\Desktop\CDAC PROJECT\MRC\IRCTC-2.0\mrc_backend_code\src\test\resources
2026-01-26 19:51:26,493 [Worker-46: Building] INFO  o.a.m.s.f.DefaultMavenResourcesFiltering - Copying 1 resource from src\main\resources to target\classes
2026-01-26 19:51:26,503 [Worker-46: Building] INFO  o.a.m.s.f.DefaultMavenResourcesFiltering - Copying 0 resource from src\main\resources to target\classes
2026-01-26 19:51:26,508 [Worker-46: Building] INFO  o.a.m.s.f.DefaultMavenResourcesFiltering - skip non existing resourceDirectory C:\Users\Admin\Desktop\CDAC PROJECT\MRC\IRCTC-2.0\mrc_backend_code\src\test\resources
2026-01-26 22:01:30,554 [Worker-48: Building] INFO  o.a.m.s.f.DefaultMavenResourcesFiltering - Copying 1 resource from src\main\resources to target\classes
2026-01-26 22:01:30,710 [Worker-48: Building] INFO  o.a.m.s.f.DefaultMavenResourcesFiltering - Copying 0 resource from src\main\resources to target\classes
2026-01-26 22:01:30,715 [Worker-48: Building] INFO  o.a.m.s.f.DefaultMavenResourcesFiltering - skip non existing resourceDirectory C:\Users\Admin\Desktop\CDAC PROJECT\MRC\IRCTC-2.0\mrc_backend_code\src\test\resources
2026-01-26 22:01:38,390 [Worker-51: Building] INFO  o.a.m.s.f.DefaultMavenResourcesFiltering - Copying 1 resource from src\main\resources to target\classes
2026-01-26 22:01:38,411 [Worker-51: Building] INFO  o.a.m.s.f.DefaultMavenResourcesFiltering - Copying 0 resource from src\main\resources to target\classes
2026-01-26 22:01:38,414 [Worker-51: Building] INFO  o.a.m.s.f.DefaultMavenResourcesFiltering - skip non existing resourceDirectory C:\Users\Admin\Desktop\CDAC PROJECT\MRC\IRCTC-2.0\mrc_backend_code\src\test\resources
2026-01-26 22:02:39,665 [Worker-48: Building] INFO  o.a.m.s.f.DefaultMavenResourcesFiltering - Copying 1 resource from src\main\resources to target\classes
2026-01-26 22:02:39,671 [Worker-48: Building] INFO  o.a.m.s.f.DefaultMavenResourcesFiltering - Copying 0 resource from src\main\resources to target\classes
2026-01-26 22:02:39,674 [Worker-48: Building] INFO  o.a.m.s.f.DefaultMavenResourcesFiltering - skip non existing resourceDirectory C:\Users\Admin\Desktop\CDAC PROJECT\MRC\IRCTC-2.0\mrc_backend_code\src\test\resources
2026-01-26 22:03:09,777 [Worker-37: Building] INFO  o.a.m.s.f.DefaultMavenResourcesFiltering - Copying 1 resource from src\main\resources to target\classes
2026-01-26 22:03:09,795 [Worker-37: Building] INFO  o.a.m.s.f.DefaultMavenResourcesFiltering - Copying 0 resource from src\main\resources to target\classes
2026-01-26 22:03:09,798 [Worker-37: Building] INFO  o.a.m.s.f.DefaultMavenResourcesFiltering - skip non existing resourceDirectory C:\Users\Admin\Desktop\CDAC PROJECT\MRC\IRCTC-2.0\mrc_backend_code\src\test\resources
2026-01-26 22:03:27,461 [Worker-48: Building] INFO  o.a.m.s.f.DefaultMavenResourcesFiltering - Copying 1 resource from src\main\resources to target\classes
2026-01-26 22:03:27,466 [Worker-48: Building] INFO  o.a.m.s.f.DefaultMavenResourcesFiltering - Copying 0 resource from src\main\resources to target\classes
2026-01-26 22:03:27,469 [Worker-48: Building] INFO  o.a.m.s.f.DefaultMavenResourcesFiltering - skip non existing resourceDirectory C:\Users\Admin\Desktop\CDAC PROJECT\MRC\IRCTC-2.0\mrc_backend_code\src\test\resources
2026-01-26 22:03:41,118 [Worker-51: Building] INFO  o.a.m.s.f.DefaultMavenResourcesFiltering - Copying 1 resource from src\main\resources to target\classes
2026-01-26 22:03:41,125 [Worker-51: Building] INFO  o.a.m.s.f.DefaultMavenResourcesFiltering - Copying 0 resource from src\main\resources to target\classes
2026-01-26 22:03:41,126 [Worker-51: Building] INFO  o.a.m.s.f.DefaultMavenResourcesFiltering - skip non existing resourceDirectory C:\Users\Admin\Desktop\CDAC PROJECT\MRC\IRCTC-2.0\mrc_backend_code\src\test\resources
2026-01-26 22:03:53,262 [Worker-48: Building] INFO  o.a.m.s.f.DefaultMavenResourcesFiltering - Copying 1 resource from src\main\resources to target\classes
2026-01-26 22:03:53,267 [Worker-48: Building] INFO  o.a.m.s.f.DefaultMavenResourcesFiltering - Copying 0 resource from src\main\resources to target\classes
2026-01-26 22:03:53,270 [Worker-48: Building] INFO  o.a.m.s.f.DefaultMavenResourcesFiltering - skip non existing resourceDirectory C:\Users\Admin\Desktop\CDAC PROJECT\MRC\IRCTC-2.0\mrc_backend_code\src\test\resources
2026-01-26 22:04:19,990 [Worker-51: Building] INFO  o.a.m.s.f.DefaultMavenResourcesFiltering - Copying 1 resource from src\main\resources to target\classes
2026-01-26 22:04:19,995 [Worker-51: Building] INFO  o.a.m.s.f.DefaultMavenResourcesFiltering - Copying 0 resource from src\main\resources to target\classes
2026-01-26 22:04:19,997 [Worker-51: Building] INFO  o.a.m.s.f.DefaultMavenResourcesFiltering - skip non existing resourceDirectory C:\Users\Admin\Desktop\CDAC PROJECT\MRC\IRCTC-2.0\mrc_backend_code\src\test\resources
2026-01-26 22:04:30,479 [Worker-41: Building] INFO  o.a.m.s.f.DefaultMavenResourcesFiltering - Copying 1 resource from src\main\resources to target\classes
2026-01-26 22:04:30,487 [Worker-41: Building] INFO  o.a.m.s.f.DefaultMavenResourcesFiltering - Copying 0 resource from src\main\resources to target\classes
2026-01-26 22:04:30,490 [Worker-41: Building] INFO  o.a.m.s.f.DefaultMavenResourcesFiltering - skip non existing resourceDirectory C:\Users\Admin\Desktop\CDAC PROJECT\MRC\IRCTC-2.0\mrc_backend_code\src\test\resources
2026-01-26 22:05:37,342 [Worker-41: Building] INFO  o.a.m.s.f.DefaultMavenResourcesFiltering - Copying 1 resource from src\main\resources to target\classes
2026-01-26 22:05:37,350 [Worker-41: Building] INFO  o.a.m.s.f.DefaultMavenResourcesFiltering - Copying 0 resource from src\main\resources to target\classes
2026-01-26 22:05:37,354 [Worker-41: Building] INFO  o.a.m.s.f.DefaultMavenResourcesFiltering - skip non existing resourceDirectory C:\Users\Admin\Desktop\CDAC PROJECT\MRC\IRCTC-2.0\mrc_backend_code\src\test\resources
2026-01-26 22:05:43,257 [Worker-39: Building] INFO  o.a.m.s.f.DefaultMavenResourcesFiltering - Copying 1 resource from src\main\resources to target\classes
2026-01-26 22:05:43,271 [Worker-39: Building] INFO  o.a.m.s.f.DefaultMavenResourcesFiltering - Copying 0 resource from src\main\resources to target\classes
2026-01-26 22:05:43,274 [Worker-39: Building] INFO  o.a.m.s.f.DefaultMavenResourcesFiltering - skip non existing resourceDirectory C:\Users\Admin\Desktop\CDAC PROJECT\MRC\IRCTC-2.0\mrc_backend_code\src\test\resources
2026-01-26 22:07:45,752 [Worker-51: Building] INFO  o.a.m.s.f.DefaultMavenResourcesFiltering - Copying 1 resource from src\main\resources to target\classes
2026-01-26 22:07:45,760 [Worker-51: Building] INFO  o.a.m.s.f.DefaultMavenResourcesFiltering - Copying 0 resource from src\main\resources to target\classes
2026-01-26 22:07:45,764 [Worker-51: Building] INFO  o.a.m.s.f.DefaultMavenResourcesFiltering - skip non existing resourceDirectory C:\Users\Admin\Desktop\CDAC PROJECT\MRC\IRCTC-2.0\mrc_backend_code\src\test\resources
2026-01-26 22:24:01,112 [Worker-53: Building] INFO  o.a.m.s.f.DefaultMavenResourcesFiltering - Copying 1 resource from src\main\resources to target\classes
2026-01-26 22:24:01,233 [Worker-53: Building] INFO  o.a.m.s.f.DefaultMavenResourcesFiltering - Copying 0 resource from src\main\resources to target\classes
2026-01-26 22:24:01,236 [Worker-53: Building] INFO  o.a.m.s.f.DefaultMavenResourcesFiltering - skip non existing resourceDirectory C:\Users\Admin\Desktop\CDAC PROJECT\MRC\IRCTC-2.0\mrc_backend_code\src\test\resources
2026-01-26 22:24:24,546 [Worker-50: Building] INFO  o.a.m.s.f.DefaultMavenResourcesFiltering - Copying 1 resource from src\main\resources to target\classes
2026-01-26 22:24:24,578 [Worker-50: Building] INFO  o.a.m.s.f.DefaultMavenResourcesFiltering - Copying 0 resource from src\main\resources to target\classes
2026-01-26 22:24:24,582 [Worker-50: Building] INFO  o.a.m.s.f.DefaultMavenResourcesFiltering - skip non existing resourceDirectory C:\Users\Admin\Desktop\CDAC PROJECT\MRC\IRCTC-2.0\mrc_backend_code\src\test\resources
2026-01-26 22:24:47,599 [Worker-44: Building] INFO  o.a.m.s.f.DefaultMavenResourcesFiltering - Copying 1 resource from src\main\resources to target\classes
2026-01-26 22:24:47,604 [Worker-44: Building] INFO  o.a.m.s.f.DefaultMavenResourcesFiltering - Copying 0 resource from src\main\resources to target\classes
2026-01-26 22:24:47,606 [Worker-44: Building] INFO  o.a.m.s.f.DefaultMavenResourcesFiltering - skip non existing resourceDirectory C:\Users\Admin\Desktop\CDAC PROJECT\MRC\IRCTC-2.0\mrc_backend_code\src\test\resources
2026-01-26 22:26:11,637 [Worker-53: Building] INFO  o.a.m.s.f.DefaultMavenResourcesFiltering - Copying 1 resource from src\main\resources to target\classes
2026-01-26 22:26:11,649 [Worker-53: Building] INFO  o.a.m.s.f.DefaultMavenResourcesFiltering - Copying 0 resource from src\main\resources to target\classes
2026-01-26 22:26:11,651 [Worker-53: Building] INFO  o.a.m.s.f.DefaultMavenResourcesFiltering - skip non existing resourceDirectory C:\Users\Admin\Desktop\CDAC PROJECT\MRC\IRCTC-2.0\mrc_backend_code\src\test\resources
2026-01-26 22:28:18,095 [Worker-51: Building] INFO  o.a.m.s.f.DefaultMavenResourcesFiltering - Copying 1 resource from src\main\resources to target\classes
2026-01-26 22:28:18,101 [Worker-51: Building] INFO  o.a.m.s.f.DefaultMavenResourcesFiltering - Copying 0 resource from src\main\resources to target\classes
2026-01-26 22:28:18,103 [Worker-51: Building] INFO  o.a.m.s.f.DefaultMavenResourcesFiltering - skip non existing resourceDirectory C:\Users\Admin\Desktop\CDAC PROJECT\MRC\IRCTC-2.0\mrc_backend_code\src\test\resources
2026-01-26 22:28:39,484 [Worker-44: Building] INFO  o.a.m.s.f.DefaultMavenResourcesFiltering - Copying 1 resource from src\main\resources to target\classes
2026-01-26 22:28:39,493 [Worker-44: Building] INFO  o.a.m.s.f.DefaultMavenResourcesFiltering - Copying 0 resource from src\main\resources to target\classes
2026-01-26 22:28:39,495 [Worker-44: Building] INFO  o.a.m.s.f.DefaultMavenResourcesFiltering - skip non existing resourceDirectory C:\Users\Admin\Desktop\CDAC PROJECT\MRC\IRCTC-2.0\mrc_backend_code\src\test\resources
2026-01-26 22:29:09,614 [Worker-55: Building] INFO  o.a.m.s.f.DefaultMavenResourcesFiltering - Copying 1 resource from src\main\resources to target\classes
2026-01-26 22:29:09,627 [Worker-55: Building] INFO  o.a.m.s.f.DefaultMavenResourcesFiltering - Copying 0 resource from src\main\resources to target\classes
2026-01-26 22:29:09,630 [Worker-55: Building] INFO  o.a.m.s.f.DefaultMavenResourcesFiltering - skip non existing resourceDirectory C:\Users\Admin\Desktop\CDAC PROJECT\MRC\IRCTC-2.0\mrc_backend_code\src\test\resources
2026-01-26 22:34:22,277 [Worker-44: Building] INFO  o.a.m.s.f.DefaultMavenResourcesFiltering - Copying 1 resource from src\main\resources to target\classes
2026-01-26 22:34:22,330 [Worker-44: Building] INFO  o.a.m.s.f.DefaultMavenResourcesFiltering - Copying 0 resource from src\main\resources to target\classes
2026-01-26 22:34:22,333 [Worker-44: Building] INFO  o.a.m.s.f.DefaultMavenResourcesFiltering - skip non existing resourceDirectory C:\Users\Admin\Desktop\CDAC PROJECT\MRC\IRCTC-2.0\mrc_backend_code\src\test\resources
2026-01-26 22:34:39,101 [Worker-57: Building] INFO  o.a.m.s.f.DefaultMavenResourcesFiltering - Copying 1 resource from src\main\resources to target\classes
2026-01-26 22:34:39,136 [Worker-57: Building] INFO  o.a.m.s.f.DefaultMavenResourcesFiltering - Copying 0 resource from src\main\resources to target\classes
2026-01-26 22:34:39,138 [Worker-57: Building] INFO  o.a.m.s.f.DefaultMavenResourcesFiltering - skip non existing resourceDirectory C:\Users\Admin\Desktop\CDAC PROJECT\MRC\IRCTC-2.0\mrc_backend_code\src\test\resources
2026-01-26 22:35:42,000 [Worker-53: Building] INFO  o.a.m.s.f.DefaultMavenResourcesFiltering - Copying 1 resource from src\main\resources to target\classes
2026-01-26 22:35:42,010 [Worker-53: Building] INFO  o.a.m.s.f.DefaultMavenResourcesFiltering - Copying 0 resource from src\main\resources to target\classes
2026-01-26 22:35:42,014 [Worker-53: Building] INFO  o.a.m.s.f.DefaultMavenResourcesFiltering - skip non existing resourceDirectory C:\Users\Admin\Desktop\CDAC PROJECT\MRC\IRCTC-2.0\mrc_backend_code\src\test\resources
2026-01-26 22:36:06,146 [Worker-57: Building] INFO  o.a.m.s.f.DefaultMavenResourcesFiltering - Copying 1 resource from src\main\resources to target\classes
2026-01-26 22:36:06,158 [Worker-57: Building] INFO  o.a.m.s.f.DefaultMavenResourcesFiltering - Copying 0 resource from src\main\resources to target\classes
2026-01-26 22:36:06,163 [Worker-57: Building] INFO  o.a.m.s.f.DefaultMavenResourcesFiltering - skip non existing resourceDirectory C:\Users\Admin\Desktop\CDAC PROJECT\MRC\IRCTC-2.0\mrc_backend_code\src\test\resources
2026-01-26 22:36:32,338 [Worker-44: Building] INFO  o.a.m.s.f.DefaultMavenResourcesFiltering - Copying 1 resource from src\main\resources to target\classes
2026-01-26 22:36:32,363 [Worker-44: Building] INFO  o.a.m.s.f.DefaultMavenResourcesFiltering - Copying 0 resource from src\main\resources to target\classes
2026-01-26 22:36:32,371 [Worker-44: Building] INFO  o.a.m.s.f.DefaultMavenResourcesFiltering - skip non existing resourceDirectory C:\Users\Admin\Desktop\CDAC PROJECT\MRC\IRCTC-2.0\mrc_backend_code\src\test\resources
2026-01-26 22:41:05,035 [Worker-49: Building] INFO  o.a.m.s.f.DefaultMavenResourcesFiltering - Copying 1 resource from src\main\resources to target\classes
2026-01-26 22:41:05,049 [Worker-49: Building] INFO  o.a.m.s.f.DefaultMavenResourcesFiltering - Copying 0 resource from src\main\resources to target\classes
2026-01-26 22:41:05,052 [Worker-49: Building] INFO  o.a.m.s.f.DefaultMavenResourcesFiltering - skip non existing resourceDirectory C:\Users\Admin\Desktop\CDAC PROJECT\MRC\IRCTC-2.0\mrc_backend_code\src\test\resources
2026-01-26 22:41:29,049 [Worker-56: Building] INFO  o.a.m.s.f.DefaultMavenResourcesFiltering - Copying 1 resource from src\main\resources to target\classes
2026-01-26 22:41:29,058 [Worker-56: Building] INFO  o.a.m.s.f.DefaultMavenResourcesFiltering - Copying 0 resource from src\main\resources to target\classes
2026-01-26 22:41:29,062 [Worker-56: Building] INFO  o.a.m.s.f.DefaultMavenResourcesFiltering - skip non existing resourceDirectory C:\Users\Admin\Desktop\CDAC PROJECT\MRC\IRCTC-2.0\mrc_backend_code\src\test\resources
2026-01-26 22:41:47,371 [Worker-56: Building] INFO  o.a.m.s.f.DefaultMavenResourcesFiltering - Copying 1 resource from src\main\resources to target\classes
2026-01-26 22:41:47,376 [Worker-56: Building] INFO  o.a.m.s.f.DefaultMavenResourcesFiltering - Copying 0 resource from src\main\resources to target\classes
2026-01-26 22:41:47,378 [Worker-56: Building] INFO  o.a.m.s.f.DefaultMavenResourcesFiltering - skip non existing resourceDirectory C:\Users\Admin\Desktop\CDAC PROJECT\MRC\IRCTC-2.0\mrc_backend_code\src\test\resources
2026-01-26 22:45:19,332 [Worker-58: Building] INFO  o.a.m.s.f.DefaultMavenResourcesFiltering - Copying 1 resource from src\main\resources to target\classes
2026-01-26 22:45:19,339 [Worker-58: Building] INFO  o.a.m.s.f.DefaultMavenResourcesFiltering - Copying 0 resource from src\main\resources to target\classes
2026-01-26 22:45:19,342 [Worker-58: Building] INFO  o.a.m.s.f.DefaultMavenResourcesFiltering - skip non existing resourceDirectory C:\Users\Admin\Desktop\CDAC PROJECT\MRC\IRCTC-2.0\mrc_backend_code\src\test\resources
2026-01-26 22:45:36,488 [Worker-53: Building] INFO  o.a.m.s.f.DefaultMavenResourcesFiltering - Copying 1 resource from src\main\resources to target\classes
2026-01-26 22:45:36,494 [Worker-53: Building] INFO  o.a.m.s.f.DefaultMavenResourcesFiltering - Copying 0 resource from src\main\resources to target\classes
2026-01-26 22:45:36,498 [Worker-53: Building] INFO  o.a.m.s.f.DefaultMavenResourcesFiltering - skip non existing resourceDirectory C:\Users\Admin\Desktop\CDAC PROJECT\MRC\IRCTC-2.0\mrc_backend_code\src\test\resources
2026-01-26 22:49:46,161 [Worker-57: Building] INFO  o.a.m.s.f.DefaultMavenResourcesFiltering - Copying 1 resource from src\main\resources to target\classes
2026-01-26 22:49:46,190 [Worker-57: Building] INFO  o.a.m.s.f.DefaultMavenResourcesFiltering - Copying 0 resource from src\main\resources to target\classes
2026-01-26 22:49:46,193 [Worker-57: Building] INFO  o.a.m.s.f.DefaultMavenResourcesFiltering - skip non existing resourceDirectory C:\Users\Admin\Desktop\CDAC PROJECT\MRC\IRCTC-2.0\mrc_backend_code\src\test\resources
2026-01-26 23:14:00,000 [Worker-49: Building] INFO  o.a.m.s.f.DefaultMavenResourcesFiltering - Copying 1 resource from src\main\resources to target\classes
2026-01-26 23:14:00,079 [Worker-49: Building] INFO  o.a.m.s.f.DefaultMavenResourcesFiltering - Copying 0 resource from src\main\resources to target\classes
2026-01-26 23:14:00,082 [Worker-49: Building] INFO  o.a.m.s.f.DefaultMavenResourcesFiltering - skip non existing resourceDirectory C:\Users\Admin\Desktop\CDAC PROJECT\MRC\IRCTC-2.0\mrc_backend_code\src\test\resources
2026-01-26 23:16:51,743 [Worker-57: Building] INFO  o.a.m.s.f.DefaultMavenResourcesFiltering - Copying 1 resource from src\main\resources to target\classes
2026-01-26 23:16:51,750 [Worker-57: Building] INFO  o.a.m.s.f.DefaultMavenResourcesFiltering - Copying 0 resource from src\main\resources to target\classes
2026-01-26 23:16:51,755 [Worker-57: Building] INFO  o.a.m.s.f.DefaultMavenResourcesFiltering - skip non existing resourceDirectory C:\Users\Admin\Desktop\CDAC PROJECT\MRC\IRCTC-2.0\mrc_backend_code\src\test\resources
2026-01-26 23:20:20,739 [Worker-60: Building] INFO  o.a.m.s.f.DefaultMavenResourcesFiltering - Copying 1 resource from src\main\resources to target\classes
2026-01-26 23:20:20,748 [Worker-60: Building] INFO  o.a.m.s.f.DefaultMavenResourcesFiltering - Copying 0 resource from src\main\resources to target\classes
2026-01-26 23:20:20,757 [Worker-60: Building] INFO  o.a.m.s.f.DefaultMavenResourcesFiltering - skip non existing resourceDirectory C:\Users\Admin\Desktop\CDAC PROJECT\MRC\IRCTC-2.0\mrc_backend_code\src\test\resources
2026-01-26 23:21:09,763 [Worker-53: Building] INFO  o.a.m.s.f.DefaultMavenResourcesFiltering - Copying 1 resource from src\main\resources to target\classes
2026-01-26 23:21:09,773 [Worker-53: Building] INFO  o.a.m.s.f.DefaultMavenResourcesFiltering - Copying 0 resource from src\main\resources to target\classes
2026-01-26 23:21:09,777 [Worker-53: Building] INFO  o.a.m.s.f.DefaultMavenResourcesFiltering - skip non existing resourceDirectory C:\Users\Admin\Desktop\CDAC PROJECT\MRC\IRCTC-2.0\mrc_backend_code\src\test\resources
2026-01-26 23:22:55,435 [Worker-63: Building] INFO  o.a.m.s.f.DefaultMavenResourcesFiltering - Copying 1 resource from src\main\resources to target\classes
2026-01-26 23:22:55,471 [Worker-63: Building] INFO  o.a.m.s.f.DefaultMavenResourcesFiltering - Copying 0 resource from src\main\resources to target\classes
2026-01-26 23:22:55,476 [Worker-63: Building] INFO  o.a.m.s.f.DefaultMavenResourcesFiltering - skip non existing resourceDirectory C:\Users\Admin\Desktop\CDAC PROJECT\MRC\IRCTC-2.0\mrc_backend_code\src\test\resources
2026-01-26 23:24:50,302 [Worker-59: Building] INFO  o.a.m.s.f.DefaultMavenResourcesFiltering - Copying 1 resource from src\main\resources to target\classes
2026-01-26 23:24:50,309 [Worker-59: Building] INFO  o.a.m.s.f.DefaultMavenResourcesFiltering - Copying 0 resource from src\main\resources to target\classes
2026-01-26 23:24:50,311 [Worker-59: Building] INFO  o.a.m.s.f.DefaultMavenResourcesFiltering - skip non existing resourceDirectory C:\Users\Admin\Desktop\CDAC PROJECT\MRC\IRCTC-2.0\mrc_backend_code\src\test\resources
2026-01-26 23:25:08,676 [Worker-64: Building] INFO  o.a.m.s.f.DefaultMavenResourcesFiltering - Copying 1 resource from src\main\resources to target\classes
2026-01-26 23:25:08,684 [Worker-64: Building] INFO  o.a.m.s.f.DefaultMavenResourcesFiltering - Copying 0 resource from src\main\resources to target\classes
2026-01-26 23:25:08,687 [Worker-64: Building] INFO  o.a.m.s.f.DefaultMavenResourcesFiltering - skip non existing resourceDirectory C:\Users\Admin\Desktop\CDAC PROJECT\MRC\IRCTC-2.0\mrc_backend_code\src\test\resources
2026-01-26 23:25:32,709 [Worker-60: Building] INFO  o.a.m.s.f.DefaultMavenResourcesFiltering - Copying 1 resource from src\main\resources to target\classes
2026-01-26 23:25:32,713 [Worker-60: Building] INFO  o.a.m.s.f.DefaultMavenResourcesFiltering - Copying 0 resource from src\main\resources to target\classes
2026-01-26 23:25:32,715 [Worker-60: Building] INFO  o.a.m.s.f.DefaultMavenResourcesFiltering - skip non existing resourceDirectory C:\Users\Admin\Desktop\CDAC PROJECT\MRC\IRCTC-2.0\mrc_backend_code\src\test\resources
2026-01-26 23:31:01,581 [Worker-59: Building] INFO  o.a.m.s.f.DefaultMavenResourcesFiltering - Copying 1 resource from src\main\resources to target\classes
2026-01-26 23:31:01,588 [Worker-59: Building] INFO  o.a.m.s.f.DefaultMavenResourcesFiltering - Copying 0 resource from src\main\resources to target\classes
2026-01-26 23:31:01,590 [Worker-59: Building] INFO  o.a.m.s.f.DefaultMavenResourcesFiltering - skip non existing resourceDirectory C:\Users\Admin\Desktop\CDAC PROJECT\MRC\IRCTC-2.0\mrc_backend_code\src\test\resources
2026-01-26 23:36:40,722 [Worker-69: Building] INFO  o.a.m.s.f.DefaultMavenResourcesFiltering - Copying 1 resource from src\main\resources to target\classes
2026-01-26 23:36:40,744 [Worker-69: Building] INFO  o.a.m.s.f.DefaultMavenResourcesFiltering - Copying 0 resource from src\main\resources to target\classes
2026-01-26 23:36:40,749 [Worker-69: Building] INFO  o.a.m.s.f.DefaultMavenResourcesFiltering - skip non existing resourceDirectory C:\Users\Admin\Desktop\CDAC PROJECT\MRC\IRCTC-2.0\mrc_backend_code\src\test\resources
2026-01-26 23:36:52,276 [Worker-70: Building] INFO  o.a.m.s.f.DefaultMavenResourcesFiltering - Copying 1 resource from src\main\resources to target\classes
2026-01-26 23:36:52,289 [Worker-70: Building] INFO  o.a.m.s.f.DefaultMavenResourcesFiltering - Copying 0 resource from src\main\resources to target\classes
2026-01-26 23:36:52,294 [Worker-70: Building] INFO  o.a.m.s.f.DefaultMavenResourcesFiltering - skip non existing resourceDirectory C:\Users\Admin\Desktop\CDAC PROJECT\MRC\IRCTC-2.0\mrc_backend_code\src\test\resources
2026-01-26 23:37:54,742 [Worker-66: Building] INFO  o.a.m.s.f.DefaultMavenResourcesFiltering - Copying 1 resource from src\main\resources to target\classes
2026-01-26 23:37:54,776 [Worker-66: Building] INFO  o.a.m.s.f.DefaultMavenResourcesFiltering - Copying 0 resource from src\main\resources to target\classes
2026-01-26 23:37:54,780 [Worker-66: Building] INFO  o.a.m.s.f.DefaultMavenResourcesFiltering - skip non existing resourceDirectory C:\Users\Admin\Desktop\CDAC PROJECT\MRC\IRCTC-2.0\mrc_backend_code\src\test\resources
2026-01-26 23:38:11,827 [Worker-68: Building] INFO  o.a.m.s.f.DefaultMavenResourcesFiltering - Copying 1 resource from src\main\resources to target\classes
2026-01-26 23:38:11,835 [Worker-68: Building] INFO  o.a.m.s.f.DefaultMavenResourcesFiltering - Copying 0 resource from src\main\resources to target\classes
2026-01-26 23:38:11,838 [Worker-68: Building] INFO  o.a.m.s.f.DefaultMavenResourcesFiltering - skip non existing resourceDirectory C:\Users\Admin\Desktop\CDAC PROJECT\MRC\IRCTC-2.0\mrc_backend_code\src\test\resources
2026-01-26 23:38:31,048 [Worker-65: Building] INFO  o.a.m.s.f.DefaultMavenResourcesFiltering - Copying 1 resource from src\main\resources to target\classes
2026-01-26 23:38:31,059 [Worker-65: Building] INFO  o.a.m.s.f.DefaultMavenResourcesFiltering - Copying 0 resource from src\main\resources to target\classes
2026-01-26 23:38:31,063 [Worker-65: Building] INFO  o.a.m.s.f.DefaultMavenResourcesFiltering - skip non existing resourceDirectory C:\Users\Admin\Desktop\CDAC PROJECT\MRC\IRCTC-2.0\mrc_backend_code\src\test\resources
2026-01-26 23:39:06,042 [Worker-69: Building] INFO  o.a.m.s.f.DefaultMavenResourcesFiltering - Copying 1 resource from src\main\resources to target\classes
2026-01-26 23:39:06,048 [Worker-69: Building] INFO  o.a.m.s.f.DefaultMavenResourcesFiltering - Copying 0 resource from src\main\resources to target\classes
2026-01-26 23:39:06,050 [Worker-69: Building] INFO  o.a.m.s.f.DefaultMavenResourcesFiltering - skip non existing resourceDirectory C:\Users\Admin\Desktop\CDAC PROJECT\MRC\IRCTC-2.0\mrc_backend_code\src\test\resources
2026-01-26 23:41:56,258 [Worker-68: Building] INFO  o.a.m.s.f.DefaultMavenResourcesFiltering - Copying 1 resource from src\main\resources to target\classes
2026-01-26 23:41:56,301 [Worker-68: Building] INFO  o.a.m.s.f.DefaultMavenResourcesFiltering - Copying 0 resource from src\main\resources to target\classes
2026-01-26 23:41:56,304 [Worker-68: Building] INFO  o.a.m.s.f.DefaultMavenResourcesFiltering - skip non existing resourceDirectory C:\Users\Admin\Desktop\CDAC PROJECT\MRC\IRCTC-2.0\mrc_backend_code\src\test\resources
2026-01-26 23:42:03,663 [Worker-59: Building] INFO  o.a.m.s.f.DefaultMavenResourcesFiltering - Copying 1 resource from src\main\resources to target\classes
2026-01-26 23:42:03,673 [Worker-59: Building] INFO  o.a.m.s.f.DefaultMavenResourcesFiltering - Copying 0 resource from src\main\resources to target\classes
2026-01-26 23:42:03,677 [Worker-59: Building] INFO  o.a.m.s.f.DefaultMavenResourcesFiltering - skip non existing resourceDirectory C:\Users\Admin\Desktop\CDAC PROJECT\MRC\IRCTC-2.0\mrc_backend_code\src\test\resources
2026-01-26 23:42:29,791 [Worker-67: Building] INFO  o.a.m.s.f.DefaultMavenResourcesFiltering - Copying 1 resource from src\main\resources to target\classes
2026-01-26 23:42:29,801 [Worker-67: Building] INFO  o.a.m.s.f.DefaultMavenResourcesFiltering - Copying 0 resource from src\main\resources to target\classes
2026-01-26 23:42:29,804 [Worker-67: Building] INFO  o.a.m.s.f.DefaultMavenResourcesFiltering - skip non existing resourceDirectory C:\Users\Admin\Desktop\CDAC PROJECT\MRC\IRCTC-2.0\mrc_backend_code\src\test\resources
2026-01-26 23:42:38,041 [Worker-59: Building] INFO  o.a.m.s.f.DefaultMavenResourcesFiltering - Copying 1 resource from src\main\resources to target\classes
2026-01-26 23:42:38,055 [Worker-59: Building] INFO  o.a.m.s.f.DefaultMavenResourcesFiltering - Copying 0 resource from src\main\resources to target\classes
2026-01-26 23:42:38,060 [Worker-59: Building] INFO  o.a.m.s.f.DefaultMavenResourcesFiltering - skip non existing resourceDirectory C:\Users\Admin\Desktop\CDAC PROJECT\MRC\IRCTC-2.0\mrc_backend_code\src\test\resources
2026-01-26 23:47:54,528 [Worker-70: Building] INFO  o.a.m.s.f.DefaultMavenResourcesFiltering - Copying 1 resource from src\main\resources to target\classes
2026-01-26 23:47:54,545 [Worker-70: Building] INFO  o.a.m.s.f.DefaultMavenResourcesFiltering - Copying 0 resource from src\main\resources to target\classes
2026-01-26 23:47:54,551 [Worker-70: Building] INFO  o.a.m.s.f.DefaultMavenResourcesFiltering - skip non existing resourceDirectory C:\Users\Admin\Desktop\CDAC PROJECT\MRC\IRCTC-2.0\mrc_backend_code\src\test\resources
2026-01-26 23:49:22,046 [Worker-70: Building] INFO  o.a.m.s.f.DefaultMavenResourcesFiltering - Copying 1 resource from src\main\resources to target\classes
2026-01-26 23:49:22,062 [Worker-70: Building] INFO  o.a.m.s.f.DefaultMavenResourcesFiltering - Copying 0 resource from src\main\resources to target\classes
2026-01-26 23:49:22,064 [Worker-70: Building] INFO  o.a.m.s.f.DefaultMavenResourcesFiltering - skip non existing resourceDirectory C:\Users\Admin\Desktop\CDAC PROJECT\MRC\IRCTC-2.0\mrc_backend_code\src\test\resources
2026-01-26 23:51:13,793 [Worker-68: Building] INFO  o.a.m.s.f.DefaultMavenResourcesFiltering - Copying 1 resource from src\main\resources to target\classes
2026-01-26 23:51:13,847 [Worker-68: Building] INFO  o.a.m.s.f.DefaultMavenResourcesFiltering - Copying 0 resource from src\main\resources to target\classes
2026-01-26 23:51:13,852 [Worker-68: Building] INFO  o.a.m.s.f.DefaultMavenResourcesFiltering - skip non existing resourceDirectory C:\Users\Admin\Desktop\CDAC PROJECT\MRC\IRCTC-2.0\mrc_backend_code\src\test\resources
2026-01-26 23:54:38,283 [Worker-59: Building] INFO  o.a.m.s.f.DefaultMavenResourcesFiltering - Copying 1 resource from src\main\resources to target\classes
2026-01-26 23:54:38,305 [Worker-59: Building] INFO  o.a.m.s.f.DefaultMavenResourcesFiltering - Copying 0 resource from src\main\resources to target\classes
2026-01-26 23:54:38,307 [Worker-59: Building] INFO  o.a.m.s.f.DefaultMavenResourcesFiltering - skip non existing resourceDirectory C:\Users\Admin\Desktop\CDAC PROJECT\MRC\IRCTC-2.0\mrc_backend_code\src\test\resources
2026-01-26 23:54:50,103 [Worker-68: Building] INFO  o.a.m.s.f.DefaultMavenResourcesFiltering - Copying 1 resource from src\main\resources to target\classes
2026-01-26 23:54:50,128 [Worker-68: Building] INFO  o.a.m.s.f.DefaultMavenResourcesFiltering - Copying 0 resource from src\main\resources to target\classes
2026-01-26 23:54:50,132 [Worker-68: Building] INFO  o.a.m.s.f.DefaultMavenResourcesFiltering - skip non existing resourceDirectory C:\Users\Admin\Desktop\CDAC PROJECT\MRC\IRCTC-2.0\mrc_backend_code\src\test\resources
2026-01-26 23:57:13,437 [Worker-73: Building] INFO  o.a.m.s.f.DefaultMavenResourcesFiltering - Copying 1 resource from src\main\resources to target\classes
2026-01-26 23:57:13,450 [Worker-73: Building] INFO  o.a.m.s.f.DefaultMavenResourcesFiltering - Copying 0 resource from src\main\resources to target\classes
2026-01-26 23:57:13,454 [Worker-73: Building] INFO  o.a.m.s.f.DefaultMavenResourcesFiltering - skip non existing resourceDirectory C:\Users\Admin\Desktop\CDAC PROJECT\MRC\IRCTC-2.0\mrc_backend_code\src\test\resources
2026-01-26 23:57:33,961 [Worker-73: Building] INFO  o.a.m.s.f.DefaultMavenResourcesFiltering - Copying 1 resource from src\main\resources to target\classes
2026-01-26 23:57:34,013 [Worker-73: Building] INFO  o.a.m.s.f.DefaultMavenResourcesFiltering - Copying 0 resource from src\main\resources to target\classes
2026-01-26 23:57:34,016 [Worker-73: Building] INFO  o.a.m.s.f.DefaultMavenResourcesFiltering - skip non existing resourceDirectory C:\Users\Admin\Desktop\CDAC PROJECT\MRC\IRCTC-2.0\mrc_backend_code\src\test\resources
2026-01-27 00:09:50,470 [Worker-72: Building] INFO  o.a.m.s.f.DefaultMavenResourcesFiltering - Copying 1 resource from src\main\resources to target\classes
2026-01-27 00:09:50,542 [Worker-72: Building] INFO  o.a.m.s.f.DefaultMavenResourcesFiltering - Copying 0 resource from src\main\resources to target\classes
2026-01-27 00:09:50,546 [Worker-72: Building] INFO  o.a.m.s.f.DefaultMavenResourcesFiltering - skip non existing resourceDirectory C:\Users\Admin\Desktop\CDAC PROJECT\MRC\IRCTC-2.0\mrc_backend_code\src\test\resources
2026-01-27 00:10:01,359 [Worker-72: Building] INFO  o.a.m.s.f.DefaultMavenResourcesFiltering - Copying 1 resource from src\main\resources to target\classes
2026-01-27 00:10:01,403 [Worker-72: Building] INFO  o.a.m.s.f.DefaultMavenResourcesFiltering - Copying 0 resource from src\main\resources to target\classes
2026-01-27 00:10:01,405 [Worker-72: Building] INFO  o.a.m.s.f.DefaultMavenResourcesFiltering - skip non existing resourceDirectory C:\Users\Admin\Desktop\CDAC PROJECT\MRC\IRCTC-2.0\mrc_backend_code\src\test\resources
2026-01-27 00:10:51,156 [Worker-59: Building] INFO  o.a.m.s.f.DefaultMavenResourcesFiltering - Copying 1 resource from src\main\resources to target\classes
2026-01-27 00:10:51,290 [Worker-59: Building] INFO  o.a.m.s.f.DefaultMavenResourcesFiltering - Copying 0 resource from src\main\resources to target\classes
2026-01-27 00:10:51,296 [Worker-59: Building] INFO  o.a.m.s.f.DefaultMavenResourcesFiltering - skip non existing resourceDirectory C:\Users\Admin\Desktop\CDAC PROJECT\MRC\IRCTC-2.0\mrc_backend_code\src\test\resources
2026-01-27 00:10:59,938 [Worker-71: Building] INFO  o.a.m.s.f.DefaultMavenResourcesFiltering - Copying 1 resource from src\main\resources to target\classes
2026-01-27 00:10:59,943 [Worker-71: Building] INFO  o.a.m.s.f.DefaultMavenResourcesFiltering - Copying 0 resource from src\main\resources to target\classes
2026-01-27 00:10:59,945 [Worker-71: Building] INFO  o.a.m.s.f.DefaultMavenResourcesFiltering - skip non existing resourceDirectory C:\Users\Admin\Desktop\CDAC PROJECT\MRC\IRCTC-2.0\mrc_backend_code\src\test\resources
2026-01-27 00:12:04,117 [Worker-68: Building] INFO  o.a.m.s.f.DefaultMavenResourcesFiltering - Copying 1 resource from src\main\resources to target\classes
2026-01-27 00:12:04,158 [Worker-68: Building] INFO  o.a.m.s.f.DefaultMavenResourcesFiltering - Copying 0 resource from src\main\resources to target\classes
2026-01-27 00:12:04,165 [Worker-68: Building] INFO  o.a.m.s.f.DefaultMavenResourcesFiltering - skip non existing resourceDirectory C:\Users\Admin\Desktop\CDAC PROJECT\MRC\IRCTC-2.0\mrc_backend_code\src\test\resources
2026-01-27 00:12:19,378 [Worker-59: Building] INFO  o.a.m.s.f.DefaultMavenResourcesFiltering - Copying 1 resource from src\main\resources to target\classes
2026-01-27 00:12:19,393 [Worker-59: Building] INFO  o.a.m.s.f.DefaultMavenResourcesFiltering - Copying 0 resource from src\main\resources to target\classes
2026-01-27 00:12:19,395 [Worker-59: Building] INFO  o.a.m.s.f.DefaultMavenResourcesFiltering - skip non existing resourceDirectory C:\Users\Admin\Desktop\CDAC PROJECT\MRC\IRCTC-2.0\mrc_backend_code\src\test\resources
2026-01-27 00:12:44,823 [Worker-72: Building] INFO  o.a.m.s.f.DefaultMavenResourcesFiltering - Copying 1 resource from src\main\resources to target\classes
2026-01-27 00:12:44,832 [Worker-72: Building] INFO  o.a.m.s.f.DefaultMavenResourcesFiltering - Copying 0 resource from src\main\resources to target\classes
2026-01-27 00:12:44,837 [Worker-72: Building] INFO  o.a.m.s.f.DefaultMavenResourcesFiltering - skip non existing resourceDirectory C:\Users\Admin\Desktop\CDAC PROJECT\MRC\IRCTC-2.0\mrc_backend_code\src\test\resources
2026-01-27 00:12:51,821 [Worker-73: Building] INFO  o.a.m.s.f.DefaultMavenResourcesFiltering - Copying 1 resource from src\main\resources to target\classes
2026-01-27 00:12:51,827 [Worker-73: Building] INFO  o.a.m.s.f.DefaultMavenResourcesFiltering - Copying 0 resource from src\main\resources to target\classes
2026-01-27 00:12:51,832 [Worker-73: Building] INFO  o.a.m.s.f.DefaultMavenResourcesFiltering - skip non existing resourceDirectory C:\Users\Admin\Desktop\CDAC PROJECT\MRC\IRCTC-2.0\mrc_backend_code\src\test\resources
2026-01-27 00:19:17,715 [Worker-74: Building] INFO  o.a.m.s.f.DefaultMavenResourcesFiltering - Copying 1 resource from src\main\resources to target\classes
2026-01-27 00:19:17,741 [Worker-74: Building] INFO  o.a.m.s.f.DefaultMavenResourcesFiltering - Copying 0 resource from src\main\resources to target\classes
2026-01-27 00:19:17,745 [Worker-74: Building] INFO  o.a.m.s.f.DefaultMavenResourcesFiltering - skip non existing resourceDirectory C:\Users\Admin\Desktop\CDAC PROJECT\MRC\IRCTC-2.0\mrc_backend_code\src\test\resources
2026-01-27 00:19:29,596 [Worker-76: Building] INFO  o.a.m.s.f.DefaultMavenResourcesFiltering - Copying 1 resource from src\main\resources to target\classes
2026-01-27 00:19:29,640 [Worker-76: Building] INFO  o.a.m.s.f.DefaultMavenResourcesFiltering - Copying 0 resource from src\main\resources to target\classes
2026-01-27 00:19:29,645 [Worker-76: Building] INFO  o.a.m.s.f.DefaultMavenResourcesFiltering - skip non existing resourceDirectory C:\Users\Admin\Desktop\CDAC PROJECT\MRC\IRCTC-2.0\mrc_backend_code\src\test\resources
2026-01-27 00:20:11,517 [Worker-71: Building] INFO  o.a.m.s.f.DefaultMavenResourcesFiltering - Copying 1 resource from src\main\resources to target\classes
2026-01-27 00:20:11,563 [Worker-71: Building] INFO  o.a.m.s.f.DefaultMavenResourcesFiltering - Copying 0 resource from src\main\resources to target\classes
2026-01-27 00:20:11,565 [Worker-71: Building] INFO  o.a.m.s.f.DefaultMavenResourcesFiltering - skip non existing resourceDirectory C:\Users\Admin\Desktop\CDAC PROJECT\MRC\IRCTC-2.0\mrc_backend_code\src\test\resources
2026-01-27 00:20:36,866 [Worker-76: Building] INFO  o.a.m.s.f.DefaultMavenResourcesFiltering - Copying 1 resource from src\main\resources to target\classes
2026-01-27 00:20:36,891 [Worker-76: Building] INFO  o.a.m.s.f.DefaultMavenResourcesFiltering - Copying 0 resource from src\main\resources to target\classes
2026-01-27 00:20:36,896 [Worker-76: Building] INFO  o.a.m.s.f.DefaultMavenResourcesFiltering - skip non existing resourceDirectory C:\Users\Admin\Desktop\CDAC PROJECT\MRC\IRCTC-2.0\mrc_backend_code\src\test\resources
2026-01-27 00:20:45,123 [Worker-78: Building] INFO  o.a.m.s.f.DefaultMavenResourcesFiltering - Copying 1 resource from src\main\resources to target\classes
2026-01-27 00:20:45,144 [Worker-78: Building] INFO  o.a.m.s.f.DefaultMavenResourcesFiltering - Copying 0 resource from src\main\resources to target\classes
2026-01-27 00:20:45,147 [Worker-78: Building] INFO  o.a.m.s.f.DefaultMavenResourcesFiltering - skip non existing resourceDirectory C:\Users\Admin\Desktop\CDAC PROJECT\MRC\IRCTC-2.0\mrc_backend_code\src\test\resources
2026-01-27 00:21:13,655 [Worker-74: Building] INFO  o.a.m.s.f.DefaultMavenResourcesFiltering - Copying 1 resource from src\main\resources to target\classes
2026-01-27 00:21:13,662 [Worker-74: Building] INFO  o.a.m.s.f.DefaultMavenResourcesFiltering - Copying 0 resource from src\main\resources to target\classes
2026-01-27 00:21:13,665 [Worker-74: Building] INFO  o.a.m.s.f.DefaultMavenResourcesFiltering - skip non existing resourceDirectory C:\Users\Admin\Desktop\CDAC PROJECT\MRC\IRCTC-2.0\mrc_backend_code\src\test\resources
2026-01-27 00:23:58,648 [Worker-77: Building] INFO  o.a.m.s.f.DefaultMavenResourcesFiltering - Copying 1 resource from src\main\resources to target\classes
2026-01-27 00:23:58,656 [Worker-77: Building] INFO  o.a.m.s.f.DefaultMavenResourcesFiltering - Copying 0 resource from src\main\resources to target\classes
2026-01-27 00:23:58,659 [Worker-77: Building] INFO  o.a.m.s.f.DefaultMavenResourcesFiltering - skip non existing resourceDirectory C:\Users\Admin\Desktop\CDAC PROJECT\MRC\IRCTC-2.0\mrc_backend_code\src\test\resources
2026-01-27 00:24:16,031 [Worker-77: Building] INFO  o.a.m.s.f.DefaultMavenResourcesFiltering - Copying 1 resource from src\main\resources to target\classes
2026-01-27 00:24:16,041 [Worker-77: Building] INFO  o.a.m.s.f.DefaultMavenResourcesFiltering - Copying 0 resource from src\main\resources to target\classes
2026-01-27 00:24:16,045 [Worker-77: Building] INFO  o.a.m.s.f.DefaultMavenResourcesFiltering - skip non existing resourceDirectory C:\Users\Admin\Desktop\CDAC PROJECT\MRC\IRCTC-2.0\mrc_backend_code\src\test\resources
2026-01-27 00:24:23,074 [Worker-77: Building] INFO  o.a.m.s.f.DefaultMavenResourcesFiltering - Copying 1 resource from src\main\resources to target\classes
2026-01-27 00:24:23,087 [Worker-77: Building] INFO  o.a.m.s.f.DefaultMavenResourcesFiltering - Copying 0 resource from src\main\resources to target\classes
2026-01-27 00:24:23,090 [Worker-77: Building] INFO  o.a.m.s.f.DefaultMavenResourcesFiltering - skip non existing resourceDirectory C:\Users\Admin\Desktop\CDAC PROJECT\MRC\IRCTC-2.0\mrc_backend_code\src\test\resources
2026-01-27 00:24:53,197 [Worker-68: Building] INFO  o.a.m.s.f.DefaultMavenResourcesFiltering - Copying 1 resource from src\main\resources to target\classes
2026-01-27 00:24:53,203 [Worker-68: Building] INFO  o.a.m.s.f.DefaultMavenResourcesFiltering - Copying 0 resource from src\main\resources to target\classes
2026-01-27 00:24:53,209 [Worker-68: Building] INFO  o.a.m.s.f.DefaultMavenResourcesFiltering - skip non existing resourceDirectory C:\Users\Admin\Desktop\CDAC PROJECT\MRC\IRCTC-2.0\mrc_backend_code\src\test\resources
2026-01-27 00:25:25,990 [Worker-76: Building] INFO  o.a.m.s.f.DefaultMavenResourcesFiltering - Copying 1 resource from src\main\resources to target\classes
2026-01-27 00:25:26,003 [Worker-76: Building] INFO  o.a.m.s.f.DefaultMavenResourcesFiltering - Copying 0 resource from src\main\resources to target\classes
2026-01-27 00:25:26,008 [Worker-76: Building] INFO  o.a.m.s.f.DefaultMavenResourcesFiltering - skip non existing resourceDirectory C:\Users\Admin\Desktop\CDAC PROJECT\MRC\IRCTC-2.0\mrc_backend_code\src\test\resources
2026-01-27 00:25:34,289 [Worker-59: Building] INFO  o.a.m.s.f.DefaultMavenResourcesFiltering - Copying 1 resource from src\main\resources to target\classes
2026-01-27 00:25:34,296 [Worker-59: Building] INFO  o.a.m.s.f.DefaultMavenResourcesFiltering - Copying 0 resource from src\main\resources to target\classes
2026-01-27 00:25:34,298 [Worker-59: Building] INFO  o.a.m.s.f.DefaultMavenResourcesFiltering - skip non existing resourceDirectory C:\Users\Admin\Desktop\CDAC PROJECT\MRC\IRCTC-2.0\mrc_backend_code\src\test\resources
